[ERROR]2014-07-11 14:49:32 (_Log4JLoggerFactory.java:98) 
Error executing FreeMarker template
FreeMarker template error:
The following has evaluated to null or missing:
==> basePath  [in template "blog/blog.html" at line 12, column 32]

Tip: If the failing expression is known to be legally null/missing, either specify a default value with myOptionalVar!myDefault, or use <#if myOptionalVar??>when-present<#else>when-missing</#if>. (These only cover the last step of the expression; to cover the whole expression, use parenthessis: (myOptionVar.foo)!myDefault, (myOptionVar.foo)??

The failing instruction (FTL stack trace):
----------
==> ${basePath}  [in template "blog/blog.html" at line 12, column 30]
----------

Java stack trace (for programmers):
----------
freemarker.core.InvalidReferenceException: [... Exception message was already printed; see it above ...]
	at freemarker.core.InvalidReferenceException.getInstance(InvalidReferenceException.java:98)
	at freemarker.core.EvalUtil.coerceModelToString(EvalUtil.java:382)
	at freemarker.core.Expression.evalAndCoerceToString(Expression.java:115)
	at freemarker.core.DollarVariable.accept(DollarVariable.java:76)
	at freemarker.core.Environment.visit(Environment.java:265)
	at freemarker.core.MixedContent.accept(MixedContent.java:93)
	at freemarker.core.Environment.visit(Environment.java:265)
	at freemarker.core.Environment.process(Environment.java:243)
	at freemarker.template.Template.process(Template.java:277)
	at com.jfinal.render.FreeMarkerRender.render(FreeMarkerRender.java:129)
	at com.jfinal.core.ActionHandler.handle(ActionHandler.java:92)
	at com.jfinal.core.JFinalFilter.doFilter(JFinalFilter.java:72)
	at org.eclipse.jetty.servlet.ServletHandler$CachedChain.doFilter(ServletHandler.java:1307)
	at org.eclipse.jetty.servlet.ServletHandler.doHandle(ServletHandler.java:453)
	at org.eclipse.jetty.server.handler.ScopedHandler.handle(ScopedHandler.java:137)
	at org.eclipse.jetty.security.SecurityHandler.handle(SecurityHandler.java:560)
	at org.eclipse.jetty.server.session.SessionHandler.doHandle(SessionHandler.java:231)
	at org.eclipse.jetty.server.handler.ContextHandler.doHandle(ContextHandler.java:1072)
	at org.eclipse.jetty.servlet.ServletHandler.doScope(ServletHandler.java:382)
	at org.eclipse.jetty.server.session.SessionHandler.doScope(SessionHandler.java:193)
	at org.eclipse.jetty.server.handler.ContextHandler.doScope(ContextHandler.java:1006)
	at org.eclipse.jetty.server.handler.ScopedHandler.handle(ScopedHandler.java:135)
	at org.eclipse.jetty.server.handler.HandlerWrapper.handle(HandlerWrapper.java:116)
	at org.eclipse.jetty.server.Server.handle(Server.java:365)
	at org.eclipse.jetty.server.AbstractHttpConnection.handleRequest(AbstractHttpConnection.java:485)
	at org.eclipse.jetty.server.AbstractHttpConnection.headerComplete(AbstractHttpConnection.java:926)
	at org.eclipse.jetty.server.AbstractHttpConnection$RequestHandler.headerComplete(AbstractHttpConnection.java:988)
	at org.eclipse.jetty.http.HttpParser.parseNext(HttpParser.java:635)
	at org.eclipse.jetty.http.HttpParser.parseAvailable(HttpParser.java:235)
	at org.eclipse.jetty.server.AsyncHttpConnection.handle(AsyncHttpConnection.java:82)
	at org.eclipse.jetty.io.nio.SelectChannelEndPoint.handle(SelectChannelEndPoint.java:628)
	at org.eclipse.jetty.io.nio.SelectChannelEndPoint$1.run(SelectChannelEndPoint.java:52)
	at org.eclipse.jetty.util.thread.QueuedThreadPool.runJob(QueuedThreadPool.java:608)
	at org.eclipse.jetty.util.thread.QueuedThreadPool$3.run(QueuedThreadPool.java:543)
	at java.lang.Thread.run(Thread.java:744)
[ERROR]2014-07-11 14:49:32 (ActionHandler.java:97) 
/blog
com.jfinal.render.RenderException: freemarker.core.InvalidReferenceException: The following has evaluated to null or missing:
==> basePath  [in template "blog/blog.html" at line 12, column 32]

Tip: If the failing expression is known to be legally null/missing, either specify a default value with myOptionalVar!myDefault, or use <#if myOptionalVar??>when-present<#else>when-missing</#if>. (These only cover the last step of the expression; to cover the whole expression, use parenthessis: (myOptionVar.foo)!myDefault, (myOptionVar.foo)??

The failing instruction:
==> ${basePath}  [in template "blog/blog.html" at line 12, column 30]
	at com.jfinal.render.FreeMarkerRender.render(FreeMarkerRender.java:131)
	at com.jfinal.core.ActionHandler.handle(ActionHandler.java:92)
	at com.jfinal.core.JFinalFilter.doFilter(JFinalFilter.java:72)
	at org.eclipse.jetty.servlet.ServletHandler$CachedChain.doFilter(ServletHandler.java:1307)
	at org.eclipse.jetty.servlet.ServletHandler.doHandle(ServletHandler.java:453)
	at org.eclipse.jetty.server.handler.ScopedHandler.handle(ScopedHandler.java:137)
	at org.eclipse.jetty.security.SecurityHandler.handle(SecurityHandler.java:560)
	at org.eclipse.jetty.server.session.SessionHandler.doHandle(SessionHandler.java:231)
	at org.eclipse.jetty.server.handler.ContextHandler.doHandle(ContextHandler.java:1072)
	at org.eclipse.jetty.servlet.ServletHandler.doScope(ServletHandler.java:382)
	at org.eclipse.jetty.server.session.SessionHandler.doScope(SessionHandler.java:193)
	at org.eclipse.jetty.server.handler.ContextHandler.doScope(ContextHandler.java:1006)
	at org.eclipse.jetty.server.handler.ScopedHandler.handle(ScopedHandler.java:135)
	at org.eclipse.jetty.server.handler.HandlerWrapper.handle(HandlerWrapper.java:116)
	at org.eclipse.jetty.server.Server.handle(Server.java:365)
	at org.eclipse.jetty.server.AbstractHttpConnection.handleRequest(AbstractHttpConnection.java:485)
	at org.eclipse.jetty.server.AbstractHttpConnection.headerComplete(AbstractHttpConnection.java:926)
	at org.eclipse.jetty.server.AbstractHttpConnection$RequestHandler.headerComplete(AbstractHttpConnection.java:988)
	at org.eclipse.jetty.http.HttpParser.parseNext(HttpParser.java:635)
	at org.eclipse.jetty.http.HttpParser.parseAvailable(HttpParser.java:235)
	at org.eclipse.jetty.server.AsyncHttpConnection.handle(AsyncHttpConnection.java:82)
	at org.eclipse.jetty.io.nio.SelectChannelEndPoint.handle(SelectChannelEndPoint.java:628)
	at org.eclipse.jetty.io.nio.SelectChannelEndPoint$1.run(SelectChannelEndPoint.java:52)
	at org.eclipse.jetty.util.thread.QueuedThreadPool.runJob(QueuedThreadPool.java:608)
	at org.eclipse.jetty.util.thread.QueuedThreadPool$3.run(QueuedThreadPool.java:543)
	at java.lang.Thread.run(Thread.java:744)
Caused by: freemarker.core.InvalidReferenceException: The following has evaluated to null or missing:
==> basePath  [in template "blog/blog.html" at line 12, column 32]

Tip: If the failing expression is known to be legally null/missing, either specify a default value with myOptionalVar!myDefault, or use <#if myOptionalVar??>when-present<#else>when-missing</#if>. (These only cover the last step of the expression; to cover the whole expression, use parenthessis: (myOptionVar.foo)!myDefault, (myOptionVar.foo)??

The failing instruction:
==> ${basePath}  [in template "blog/blog.html" at line 12, column 30]
	at freemarker.core.InvalidReferenceException.getInstance(InvalidReferenceException.java:98)
	at freemarker.core.EvalUtil.coerceModelToString(EvalUtil.java:382)
	at freemarker.core.Expression.evalAndCoerceToString(Expression.java:115)
	at freemarker.core.DollarVariable.accept(DollarVariable.java:76)
	at freemarker.core.Environment.visit(Environment.java:265)
	at freemarker.core.MixedContent.accept(MixedContent.java:93)
	at freemarker.core.Environment.visit(Environment.java:265)
	at freemarker.core.Environment.process(Environment.java:243)
	at freemarker.template.Template.process(Template.java:277)
	at com.jfinal.render.FreeMarkerRender.render(FreeMarkerRender.java:129)
	... 25 more
[ERROR]2014-07-11 14:51:08 (_Log4JLoggerFactory.java:98) 
Error executing FreeMarker template
FreeMarker template error:
The following has evaluated to null or missing:
==> basePath  [in template "blog/blog.html" at line 14, column 34]

Tip: If the failing expression is known to be legally null/missing, either specify a default value with myOptionalVar!myDefault, or use <#if myOptionalVar??>when-present<#else>when-missing</#if>. (These only cover the last step of the expression; to cover the whole expression, use parenthessis: (myOptionVar.foo)!myDefault, (myOptionVar.foo)??

The failing instruction (FTL stack trace):
----------
==> ${basePath}  [in template "blog/blog.html" at line 14, column 32]
----------

Java stack trace (for programmers):
----------
freemarker.core.InvalidReferenceException: [... Exception message was already printed; see it above ...]
	at freemarker.core.InvalidReferenceException.getInstance(InvalidReferenceException.java:98)
	at freemarker.core.EvalUtil.coerceModelToString(EvalUtil.java:382)
	at freemarker.core.Expression.evalAndCoerceToString(Expression.java:115)
	at freemarker.core.DollarVariable.accept(DollarVariable.java:76)
	at freemarker.core.Environment.visit(Environment.java:265)
	at freemarker.core.MixedContent.accept(MixedContent.java:93)
	at freemarker.core.Environment.visit(Environment.java:265)
	at freemarker.core.Environment.process(Environment.java:243)
	at freemarker.template.Template.process(Template.java:277)
	at com.jfinal.render.FreeMarkerRender.render(FreeMarkerRender.java:129)
	at com.jfinal.core.ActionHandler.handle(ActionHandler.java:92)
	at com.jfinal.core.JFinalFilter.doFilter(JFinalFilter.java:72)
	at org.eclipse.jetty.servlet.ServletHandler$CachedChain.doFilter(ServletHandler.java:1307)
	at org.eclipse.jetty.servlet.ServletHandler.doHandle(ServletHandler.java:453)
	at org.eclipse.jetty.server.handler.ScopedHandler.handle(ScopedHandler.java:137)
	at org.eclipse.jetty.security.SecurityHandler.handle(SecurityHandler.java:560)
	at org.eclipse.jetty.server.session.SessionHandler.doHandle(SessionHandler.java:231)
	at org.eclipse.jetty.server.handler.ContextHandler.doHandle(ContextHandler.java:1072)
	at org.eclipse.jetty.servlet.ServletHandler.doScope(ServletHandler.java:382)
	at org.eclipse.jetty.server.session.SessionHandler.doScope(SessionHandler.java:193)
	at org.eclipse.jetty.server.handler.ContextHandler.doScope(ContextHandler.java:1006)
	at org.eclipse.jetty.server.handler.ScopedHandler.handle(ScopedHandler.java:135)
	at org.eclipse.jetty.server.handler.HandlerWrapper.handle(HandlerWrapper.java:116)
	at org.eclipse.jetty.server.Server.handle(Server.java:365)
	at org.eclipse.jetty.server.AbstractHttpConnection.handleRequest(AbstractHttpConnection.java:485)
	at org.eclipse.jetty.server.AbstractHttpConnection.headerComplete(AbstractHttpConnection.java:926)
	at org.eclipse.jetty.server.AbstractHttpConnection$RequestHandler.headerComplete(AbstractHttpConnection.java:988)
	at org.eclipse.jetty.http.HttpParser.parseNext(HttpParser.java:635)
	at org.eclipse.jetty.http.HttpParser.parseAvailable(HttpParser.java:235)
	at org.eclipse.jetty.server.AsyncHttpConnection.handle(AsyncHttpConnection.java:82)
	at org.eclipse.jetty.io.nio.SelectChannelEndPoint.handle(SelectChannelEndPoint.java:628)
	at org.eclipse.jetty.io.nio.SelectChannelEndPoint$1.run(SelectChannelEndPoint.java:52)
	at org.eclipse.jetty.util.thread.QueuedThreadPool.runJob(QueuedThreadPool.java:608)
	at org.eclipse.jetty.util.thread.QueuedThreadPool$3.run(QueuedThreadPool.java:543)
	at java.lang.Thread.run(Thread.java:744)
[ERROR]2014-07-11 14:51:08 (ActionHandler.java:97) 
/blog
com.jfinal.render.RenderException: freemarker.core.InvalidReferenceException: The following has evaluated to null or missing:
==> basePath  [in template "blog/blog.html" at line 14, column 34]

Tip: If the failing expression is known to be legally null/missing, either specify a default value with myOptionalVar!myDefault, or use <#if myOptionalVar??>when-present<#else>when-missing</#if>. (These only cover the last step of the expression; to cover the whole expression, use parenthessis: (myOptionVar.foo)!myDefault, (myOptionVar.foo)??

The failing instruction:
==> ${basePath}  [in template "blog/blog.html" at line 14, column 32]
	at com.jfinal.render.FreeMarkerRender.render(FreeMarkerRender.java:131)
	at com.jfinal.core.ActionHandler.handle(ActionHandler.java:92)
	at com.jfinal.core.JFinalFilter.doFilter(JFinalFilter.java:72)
	at org.eclipse.jetty.servlet.ServletHandler$CachedChain.doFilter(ServletHandler.java:1307)
	at org.eclipse.jetty.servlet.ServletHandler.doHandle(ServletHandler.java:453)
	at org.eclipse.jetty.server.handler.ScopedHandler.handle(ScopedHandler.java:137)
	at org.eclipse.jetty.security.SecurityHandler.handle(SecurityHandler.java:560)
	at org.eclipse.jetty.server.session.SessionHandler.doHandle(SessionHandler.java:231)
	at org.eclipse.jetty.server.handler.ContextHandler.doHandle(ContextHandler.java:1072)
	at org.eclipse.jetty.servlet.ServletHandler.doScope(ServletHandler.java:382)
	at org.eclipse.jetty.server.session.SessionHandler.doScope(SessionHandler.java:193)
	at org.eclipse.jetty.server.handler.ContextHandler.doScope(ContextHandler.java:1006)
	at org.eclipse.jetty.server.handler.ScopedHandler.handle(ScopedHandler.java:135)
	at org.eclipse.jetty.server.handler.HandlerWrapper.handle(HandlerWrapper.java:116)
	at org.eclipse.jetty.server.Server.handle(Server.java:365)
	at org.eclipse.jetty.server.AbstractHttpConnection.handleRequest(AbstractHttpConnection.java:485)
	at org.eclipse.jetty.server.AbstractHttpConnection.headerComplete(AbstractHttpConnection.java:926)
	at org.eclipse.jetty.server.AbstractHttpConnection$RequestHandler.headerComplete(AbstractHttpConnection.java:988)
	at org.eclipse.jetty.http.HttpParser.parseNext(HttpParser.java:635)
	at org.eclipse.jetty.http.HttpParser.parseAvailable(HttpParser.java:235)
	at org.eclipse.jetty.server.AsyncHttpConnection.handle(AsyncHttpConnection.java:82)
	at org.eclipse.jetty.io.nio.SelectChannelEndPoint.handle(SelectChannelEndPoint.java:628)
	at org.eclipse.jetty.io.nio.SelectChannelEndPoint$1.run(SelectChannelEndPoint.java:52)
	at org.eclipse.jetty.util.thread.QueuedThreadPool.runJob(QueuedThreadPool.java:608)
	at org.eclipse.jetty.util.thread.QueuedThreadPool$3.run(QueuedThreadPool.java:543)
	at java.lang.Thread.run(Thread.java:744)
Caused by: freemarker.core.InvalidReferenceException: The following has evaluated to null or missing:
==> basePath  [in template "blog/blog.html" at line 14, column 34]

Tip: If the failing expression is known to be legally null/missing, either specify a default value with myOptionalVar!myDefault, or use <#if myOptionalVar??>when-present<#else>when-missing</#if>. (These only cover the last step of the expression; to cover the whole expression, use parenthessis: (myOptionVar.foo)!myDefault, (myOptionVar.foo)??

The failing instruction:
==> ${basePath}  [in template "blog/blog.html" at line 14, column 32]
	at freemarker.core.InvalidReferenceException.getInstance(InvalidReferenceException.java:98)
	at freemarker.core.EvalUtil.coerceModelToString(EvalUtil.java:382)
	at freemarker.core.Expression.evalAndCoerceToString(Expression.java:115)
	at freemarker.core.DollarVariable.accept(DollarVariable.java:76)
	at freemarker.core.Environment.visit(Environment.java:265)
	at freemarker.core.MixedContent.accept(MixedContent.java:93)
	at freemarker.core.Environment.visit(Environment.java:265)
	at freemarker.core.Environment.process(Environment.java:243)
	at freemarker.template.Template.process(Template.java:277)
	at com.jfinal.render.FreeMarkerRender.render(FreeMarkerRender.java:129)
	... 25 more
[ERROR]2014-07-11 14:51:16 (_Log4JLoggerFactory.java:98) 
Error executing FreeMarker template
FreeMarker template error:
The following has evaluated to null or missing:
==> basePath  [in template "blog/blog.html" at line 14, column 34]

Tip: If the failing expression is known to be legally null/missing, either specify a default value with myOptionalVar!myDefault, or use <#if myOptionalVar??>when-present<#else>when-missing</#if>. (These only cover the last step of the expression; to cover the whole expression, use parenthessis: (myOptionVar.foo)!myDefault, (myOptionVar.foo)??

The failing instruction (FTL stack trace):
----------
==> ${basePath}  [in template "blog/blog.html" at line 14, column 32]
----------

Java stack trace (for programmers):
----------
freemarker.core.InvalidReferenceException: [... Exception message was already printed; see it above ...]
	at freemarker.core.InvalidReferenceException.getInstance(InvalidReferenceException.java:98)
	at freemarker.core.EvalUtil.coerceModelToString(EvalUtil.java:382)
	at freemarker.core.Expression.evalAndCoerceToString(Expression.java:115)
	at freemarker.core.DollarVariable.accept(DollarVariable.java:76)
	at freemarker.core.Environment.visit(Environment.java:265)
	at freemarker.core.MixedContent.accept(MixedContent.java:93)
	at freemarker.core.Environment.visit(Environment.java:265)
	at freemarker.core.Environment.process(Environment.java:243)
	at freemarker.template.Template.process(Template.java:277)
	at com.jfinal.render.FreeMarkerRender.render(FreeMarkerRender.java:129)
	at com.jfinal.core.ActionHandler.handle(ActionHandler.java:92)
	at com.jfinal.core.JFinalFilter.doFilter(JFinalFilter.java:72)
	at org.eclipse.jetty.servlet.ServletHandler$CachedChain.doFilter(ServletHandler.java:1307)
	at org.eclipse.jetty.servlet.ServletHandler.doHandle(ServletHandler.java:453)
	at org.eclipse.jetty.server.handler.ScopedHandler.handle(ScopedHandler.java:137)
	at org.eclipse.jetty.security.SecurityHandler.handle(SecurityHandler.java:560)
	at org.eclipse.jetty.server.session.SessionHandler.doHandle(SessionHandler.java:231)
	at org.eclipse.jetty.server.handler.ContextHandler.doHandle(ContextHandler.java:1072)
	at org.eclipse.jetty.servlet.ServletHandler.doScope(ServletHandler.java:382)
	at org.eclipse.jetty.server.session.SessionHandler.doScope(SessionHandler.java:193)
	at org.eclipse.jetty.server.handler.ContextHandler.doScope(ContextHandler.java:1006)
	at org.eclipse.jetty.server.handler.ScopedHandler.handle(ScopedHandler.java:135)
	at org.eclipse.jetty.server.handler.HandlerWrapper.handle(HandlerWrapper.java:116)
	at org.eclipse.jetty.server.Server.handle(Server.java:365)
	at org.eclipse.jetty.server.AbstractHttpConnection.handleRequest(AbstractHttpConnection.java:485)
	at org.eclipse.jetty.server.AbstractHttpConnection.headerComplete(AbstractHttpConnection.java:926)
	at org.eclipse.jetty.server.AbstractHttpConnection$RequestHandler.headerComplete(AbstractHttpConnection.java:988)
	at org.eclipse.jetty.http.HttpParser.parseNext(HttpParser.java:635)
	at org.eclipse.jetty.http.HttpParser.parseAvailable(HttpParser.java:235)
	at org.eclipse.jetty.server.AsyncHttpConnection.handle(AsyncHttpConnection.java:82)
	at org.eclipse.jetty.io.nio.SelectChannelEndPoint.handle(SelectChannelEndPoint.java:628)
	at org.eclipse.jetty.io.nio.SelectChannelEndPoint$1.run(SelectChannelEndPoint.java:52)
	at org.eclipse.jetty.util.thread.QueuedThreadPool.runJob(QueuedThreadPool.java:608)
	at org.eclipse.jetty.util.thread.QueuedThreadPool$3.run(QueuedThreadPool.java:543)
	at java.lang.Thread.run(Thread.java:744)
[ERROR]2014-07-11 14:51:16 (ActionHandler.java:97) 
/blog
com.jfinal.render.RenderException: freemarker.core.InvalidReferenceException: The following has evaluated to null or missing:
==> basePath  [in template "blog/blog.html" at line 14, column 34]

Tip: If the failing expression is known to be legally null/missing, either specify a default value with myOptionalVar!myDefault, or use <#if myOptionalVar??>when-present<#else>when-missing</#if>. (These only cover the last step of the expression; to cover the whole expression, use parenthessis: (myOptionVar.foo)!myDefault, (myOptionVar.foo)??

The failing instruction:
==> ${basePath}  [in template "blog/blog.html" at line 14, column 32]
	at com.jfinal.render.FreeMarkerRender.render(FreeMarkerRender.java:131)
	at com.jfinal.core.ActionHandler.handle(ActionHandler.java:92)
	at com.jfinal.core.JFinalFilter.doFilter(JFinalFilter.java:72)
	at org.eclipse.jetty.servlet.ServletHandler$CachedChain.doFilter(ServletHandler.java:1307)
	at org.eclipse.jetty.servlet.ServletHandler.doHandle(ServletHandler.java:453)
	at org.eclipse.jetty.server.handler.ScopedHandler.handle(ScopedHandler.java:137)
	at org.eclipse.jetty.security.SecurityHandler.handle(SecurityHandler.java:560)
	at org.eclipse.jetty.server.session.SessionHandler.doHandle(SessionHandler.java:231)
	at org.eclipse.jetty.server.handler.ContextHandler.doHandle(ContextHandler.java:1072)
	at org.eclipse.jetty.servlet.ServletHandler.doScope(ServletHandler.java:382)
	at org.eclipse.jetty.server.session.SessionHandler.doScope(SessionHandler.java:193)
	at org.eclipse.jetty.server.handler.ContextHandler.doScope(ContextHandler.java:1006)
	at org.eclipse.jetty.server.handler.ScopedHandler.handle(ScopedHandler.java:135)
	at org.eclipse.jetty.server.handler.HandlerWrapper.handle(HandlerWrapper.java:116)
	at org.eclipse.jetty.server.Server.handle(Server.java:365)
	at org.eclipse.jetty.server.AbstractHttpConnection.handleRequest(AbstractHttpConnection.java:485)
	at org.eclipse.jetty.server.AbstractHttpConnection.headerComplete(AbstractHttpConnection.java:926)
	at org.eclipse.jetty.server.AbstractHttpConnection$RequestHandler.headerComplete(AbstractHttpConnection.java:988)
	at org.eclipse.jetty.http.HttpParser.parseNext(HttpParser.java:635)
	at org.eclipse.jetty.http.HttpParser.parseAvailable(HttpParser.java:235)
	at org.eclipse.jetty.server.AsyncHttpConnection.handle(AsyncHttpConnection.java:82)
	at org.eclipse.jetty.io.nio.SelectChannelEndPoint.handle(SelectChannelEndPoint.java:628)
	at org.eclipse.jetty.io.nio.SelectChannelEndPoint$1.run(SelectChannelEndPoint.java:52)
	at org.eclipse.jetty.util.thread.QueuedThreadPool.runJob(QueuedThreadPool.java:608)
	at org.eclipse.jetty.util.thread.QueuedThreadPool$3.run(QueuedThreadPool.java:543)
	at java.lang.Thread.run(Thread.java:744)
Caused by: freemarker.core.InvalidReferenceException: The following has evaluated to null or missing:
==> basePath  [in template "blog/blog.html" at line 14, column 34]

Tip: If the failing expression is known to be legally null/missing, either specify a default value with myOptionalVar!myDefault, or use <#if myOptionalVar??>when-present<#else>when-missing</#if>. (These only cover the last step of the expression; to cover the whole expression, use parenthessis: (myOptionVar.foo)!myDefault, (myOptionVar.foo)??

The failing instruction:
==> ${basePath}  [in template "blog/blog.html" at line 14, column 32]
	at freemarker.core.InvalidReferenceException.getInstance(InvalidReferenceException.java:98)
	at freemarker.core.EvalUtil.coerceModelToString(EvalUtil.java:382)
	at freemarker.core.Expression.evalAndCoerceToString(Expression.java:115)
	at freemarker.core.DollarVariable.accept(DollarVariable.java:76)
	at freemarker.core.Environment.visit(Environment.java:265)
	at freemarker.core.MixedContent.accept(MixedContent.java:93)
	at freemarker.core.Environment.visit(Environment.java:265)
	at freemarker.core.Environment.process(Environment.java:243)
	at freemarker.template.Template.process(Template.java:277)
	at com.jfinal.render.FreeMarkerRender.render(FreeMarkerRender.java:129)
	... 25 more
[ERROR]2014-07-11 15:12:15 (_Log4JLoggerFactory.java:98) 
Error executing FreeMarker template
FreeMarker template error:
The following has evaluated to null or missing:
==> BASE_PATH  [in template "blog/blog.html" at line 1, column 15]

Tip: If the failing expression is known to be legally null/missing, either specify a default value with myOptionalVar!myDefault, or use <#if myOptionalVar??>when-present<#else>when-missing</#if>. (These only cover the last step of the expression; to cover the whole expression, use parenthessis: (myOptionVar.foo)!myDefault, (myOptionVar.foo)??

The failing instruction (FTL stack trace):
----------
==> ${BASE_PATH}  [in template "blog/blog.html" at line 1, column 13]
----------

Java stack trace (for programmers):
----------
freemarker.core.InvalidReferenceException: [... Exception message was already printed; see it above ...]
	at freemarker.core.InvalidReferenceException.getInstance(InvalidReferenceException.java:98)
	at freemarker.core.EvalUtil.coerceModelToString(EvalUtil.java:382)
	at freemarker.core.Expression.evalAndCoerceToString(Expression.java:115)
	at freemarker.core.DollarVariable.accept(DollarVariable.java:76)
	at freemarker.core.Environment.visit(Environment.java:265)
	at freemarker.core.MixedContent.accept(MixedContent.java:93)
	at freemarker.core.Environment.visit(Environment.java:265)
	at freemarker.core.Environment.process(Environment.java:243)
	at freemarker.template.Template.process(Template.java:277)
	at com.jfinal.render.FreeMarkerRender.render(FreeMarkerRender.java:129)
	at com.jfinal.core.ActionHandler.handle(ActionHandler.java:92)
	at com.jfinal.ext.handler.ContextPathHandler.handle(ContextPathHandler.java:47)
	at com.jfinal.core.JFinalFilter.doFilter(JFinalFilter.java:72)
	at org.eclipse.jetty.servlet.ServletHandler$CachedChain.doFilter(ServletHandler.java:1307)
	at org.eclipse.jetty.servlet.ServletHandler.doHandle(ServletHandler.java:453)
	at org.eclipse.jetty.server.handler.ScopedHandler.handle(ScopedHandler.java:137)
	at org.eclipse.jetty.security.SecurityHandler.handle(SecurityHandler.java:560)
	at org.eclipse.jetty.server.session.SessionHandler.doHandle(SessionHandler.java:231)
	at org.eclipse.jetty.server.handler.ContextHandler.doHandle(ContextHandler.java:1072)
	at org.eclipse.jetty.servlet.ServletHandler.doScope(ServletHandler.java:382)
	at org.eclipse.jetty.server.session.SessionHandler.doScope(SessionHandler.java:193)
	at org.eclipse.jetty.server.handler.ContextHandler.doScope(ContextHandler.java:1006)
	at org.eclipse.jetty.server.handler.ScopedHandler.handle(ScopedHandler.java:135)
	at org.eclipse.jetty.server.handler.HandlerWrapper.handle(HandlerWrapper.java:116)
	at org.eclipse.jetty.server.Server.handle(Server.java:365)
	at org.eclipse.jetty.server.AbstractHttpConnection.handleRequest(AbstractHttpConnection.java:485)
	at org.eclipse.jetty.server.AbstractHttpConnection.headerComplete(AbstractHttpConnection.java:926)
	at org.eclipse.jetty.server.AbstractHttpConnection$RequestHandler.headerComplete(AbstractHttpConnection.java:988)
	at org.eclipse.jetty.http.HttpParser.parseNext(HttpParser.java:635)
	at org.eclipse.jetty.http.HttpParser.parseAvailable(HttpParser.java:235)
	at org.eclipse.jetty.server.AsyncHttpConnection.handle(AsyncHttpConnection.java:82)
	at org.eclipse.jetty.io.nio.SelectChannelEndPoint.handle(SelectChannelEndPoint.java:628)
	at org.eclipse.jetty.io.nio.SelectChannelEndPoint$1.run(SelectChannelEndPoint.java:52)
	at org.eclipse.jetty.util.thread.QueuedThreadPool.runJob(QueuedThreadPool.java:608)
	at org.eclipse.jetty.util.thread.QueuedThreadPool$3.run(QueuedThreadPool.java:543)
	at java.lang.Thread.run(Thread.java:744)
[ERROR]2014-07-11 15:12:15 (ActionHandler.java:97) 
/blog
com.jfinal.render.RenderException: freemarker.core.InvalidReferenceException: The following has evaluated to null or missing:
==> BASE_PATH  [in template "blog/blog.html" at line 1, column 15]

Tip: If the failing expression is known to be legally null/missing, either specify a default value with myOptionalVar!myDefault, or use <#if myOptionalVar??>when-present<#else>when-missing</#if>. (These only cover the last step of the expression; to cover the whole expression, use parenthessis: (myOptionVar.foo)!myDefault, (myOptionVar.foo)??

The failing instruction:
==> ${BASE_PATH}  [in template "blog/blog.html" at line 1, column 13]
	at com.jfinal.render.FreeMarkerRender.render(FreeMarkerRender.java:131)
	at com.jfinal.core.ActionHandler.handle(ActionHandler.java:92)
	at com.jfinal.ext.handler.ContextPathHandler.handle(ContextPathHandler.java:47)
	at com.jfinal.core.JFinalFilter.doFilter(JFinalFilter.java:72)
	at org.eclipse.jetty.servlet.ServletHandler$CachedChain.doFilter(ServletHandler.java:1307)
	at org.eclipse.jetty.servlet.ServletHandler.doHandle(ServletHandler.java:453)
	at org.eclipse.jetty.server.handler.ScopedHandler.handle(ScopedHandler.java:137)
	at org.eclipse.jetty.security.SecurityHandler.handle(SecurityHandler.java:560)
	at org.eclipse.jetty.server.session.SessionHandler.doHandle(SessionHandler.java:231)
	at org.eclipse.jetty.server.handler.ContextHandler.doHandle(ContextHandler.java:1072)
	at org.eclipse.jetty.servlet.ServletHandler.doScope(ServletHandler.java:382)
	at org.eclipse.jetty.server.session.SessionHandler.doScope(SessionHandler.java:193)
	at org.eclipse.jetty.server.handler.ContextHandler.doScope(ContextHandler.java:1006)
	at org.eclipse.jetty.server.handler.ScopedHandler.handle(ScopedHandler.java:135)
	at org.eclipse.jetty.server.handler.HandlerWrapper.handle(HandlerWrapper.java:116)
	at org.eclipse.jetty.server.Server.handle(Server.java:365)
	at org.eclipse.jetty.server.AbstractHttpConnection.handleRequest(AbstractHttpConnection.java:485)
	at org.eclipse.jetty.server.AbstractHttpConnection.headerComplete(AbstractHttpConnection.java:926)
	at org.eclipse.jetty.server.AbstractHttpConnection$RequestHandler.headerComplete(AbstractHttpConnection.java:988)
	at org.eclipse.jetty.http.HttpParser.parseNext(HttpParser.java:635)
	at org.eclipse.jetty.http.HttpParser.parseAvailable(HttpParser.java:235)
	at org.eclipse.jetty.server.AsyncHttpConnection.handle(AsyncHttpConnection.java:82)
	at org.eclipse.jetty.io.nio.SelectChannelEndPoint.handle(SelectChannelEndPoint.java:628)
	at org.eclipse.jetty.io.nio.SelectChannelEndPoint$1.run(SelectChannelEndPoint.java:52)
	at org.eclipse.jetty.util.thread.QueuedThreadPool.runJob(QueuedThreadPool.java:608)
	at org.eclipse.jetty.util.thread.QueuedThreadPool$3.run(QueuedThreadPool.java:543)
	at java.lang.Thread.run(Thread.java:744)
Caused by: freemarker.core.InvalidReferenceException: The following has evaluated to null or missing:
==> BASE_PATH  [in template "blog/blog.html" at line 1, column 15]

Tip: If the failing expression is known to be legally null/missing, either specify a default value with myOptionalVar!myDefault, or use <#if myOptionalVar??>when-present<#else>when-missing</#if>. (These only cover the last step of the expression; to cover the whole expression, use parenthessis: (myOptionVar.foo)!myDefault, (myOptionVar.foo)??

The failing instruction:
==> ${BASE_PATH}  [in template "blog/blog.html" at line 1, column 13]
	at freemarker.core.InvalidReferenceException.getInstance(InvalidReferenceException.java:98)
	at freemarker.core.EvalUtil.coerceModelToString(EvalUtil.java:382)
	at freemarker.core.Expression.evalAndCoerceToString(Expression.java:115)
	at freemarker.core.DollarVariable.accept(DollarVariable.java:76)
	at freemarker.core.Environment.visit(Environment.java:265)
	at freemarker.core.MixedContent.accept(MixedContent.java:93)
	at freemarker.core.Environment.visit(Environment.java:265)
	at freemarker.core.Environment.process(Environment.java:243)
	at freemarker.template.Template.process(Template.java:277)
	at com.jfinal.render.FreeMarkerRender.render(FreeMarkerRender.java:129)
	... 26 more
[ERROR]2014-07-11 15:12:43 (_Log4JLoggerFactory.java:98) 
Error executing FreeMarker template
FreeMarker template error:
The following has evaluated to null or missing:
==> BASE_PATH  [in template "blog/blog.html" at line 1, column 15]

Tip: If the failing expression is known to be legally null/missing, either specify a default value with myOptionalVar!myDefault, or use <#if myOptionalVar??>when-present<#else>when-missing</#if>. (These only cover the last step of the expression; to cover the whole expression, use parenthessis: (myOptionVar.foo)!myDefault, (myOptionVar.foo)??

The failing instruction (FTL stack trace):
----------
==> ${BASE_PATH}  [in template "blog/blog.html" at line 1, column 13]
----------

Java stack trace (for programmers):
----------
freemarker.core.InvalidReferenceException: [... Exception message was already printed; see it above ...]
	at freemarker.core.InvalidReferenceException.getInstance(InvalidReferenceException.java:98)
	at freemarker.core.EvalUtil.coerceModelToString(EvalUtil.java:382)
	at freemarker.core.Expression.evalAndCoerceToString(Expression.java:115)
	at freemarker.core.DollarVariable.accept(DollarVariable.java:76)
	at freemarker.core.Environment.visit(Environment.java:265)
	at freemarker.core.MixedContent.accept(MixedContent.java:93)
	at freemarker.core.Environment.visit(Environment.java:265)
	at freemarker.core.Environment.process(Environment.java:243)
	at freemarker.template.Template.process(Template.java:277)
	at com.jfinal.render.FreeMarkerRender.render(FreeMarkerRender.java:129)
	at com.jfinal.core.ActionHandler.handle(ActionHandler.java:92)
	at com.jfinal.ext.handler.ContextPathHandler.handle(ContextPathHandler.java:47)
	at com.jfinal.core.JFinalFilter.doFilter(JFinalFilter.java:72)
	at org.eclipse.jetty.servlet.ServletHandler$CachedChain.doFilter(ServletHandler.java:1307)
	at org.eclipse.jetty.servlet.ServletHandler.doHandle(ServletHandler.java:453)
	at org.eclipse.jetty.server.handler.ScopedHandler.handle(ScopedHandler.java:137)
	at org.eclipse.jetty.security.SecurityHandler.handle(SecurityHandler.java:560)
	at org.eclipse.jetty.server.session.SessionHandler.doHandle(SessionHandler.java:231)
	at org.eclipse.jetty.server.handler.ContextHandler.doHandle(ContextHandler.java:1072)
	at org.eclipse.jetty.servlet.ServletHandler.doScope(ServletHandler.java:382)
	at org.eclipse.jetty.server.session.SessionHandler.doScope(SessionHandler.java:193)
	at org.eclipse.jetty.server.handler.ContextHandler.doScope(ContextHandler.java:1006)
	at org.eclipse.jetty.server.handler.ScopedHandler.handle(ScopedHandler.java:135)
	at org.eclipse.jetty.server.handler.HandlerWrapper.handle(HandlerWrapper.java:116)
	at org.eclipse.jetty.server.Server.handle(Server.java:365)
	at org.eclipse.jetty.server.AbstractHttpConnection.handleRequest(AbstractHttpConnection.java:485)
	at org.eclipse.jetty.server.AbstractHttpConnection.headerComplete(AbstractHttpConnection.java:926)
	at org.eclipse.jetty.server.AbstractHttpConnection$RequestHandler.headerComplete(AbstractHttpConnection.java:988)
	at org.eclipse.jetty.http.HttpParser.parseNext(HttpParser.java:635)
	at org.eclipse.jetty.http.HttpParser.parseAvailable(HttpParser.java:235)
	at org.eclipse.jetty.server.AsyncHttpConnection.handle(AsyncHttpConnection.java:82)
	at org.eclipse.jetty.io.nio.SelectChannelEndPoint.handle(SelectChannelEndPoint.java:628)
	at org.eclipse.jetty.io.nio.SelectChannelEndPoint$1.run(SelectChannelEndPoint.java:52)
	at org.eclipse.jetty.util.thread.QueuedThreadPool.runJob(QueuedThreadPool.java:608)
	at org.eclipse.jetty.util.thread.QueuedThreadPool$3.run(QueuedThreadPool.java:543)
	at java.lang.Thread.run(Thread.java:744)
[ERROR]2014-07-11 15:12:43 (ActionHandler.java:97) 
/blog
com.jfinal.render.RenderException: freemarker.core.InvalidReferenceException: The following has evaluated to null or missing:
==> BASE_PATH  [in template "blog/blog.html" at line 1, column 15]

Tip: If the failing expression is known to be legally null/missing, either specify a default value with myOptionalVar!myDefault, or use <#if myOptionalVar??>when-present<#else>when-missing</#if>. (These only cover the last step of the expression; to cover the whole expression, use parenthessis: (myOptionVar.foo)!myDefault, (myOptionVar.foo)??

The failing instruction:
==> ${BASE_PATH}  [in template "blog/blog.html" at line 1, column 13]
	at com.jfinal.render.FreeMarkerRender.render(FreeMarkerRender.java:131)
	at com.jfinal.core.ActionHandler.handle(ActionHandler.java:92)
	at com.jfinal.ext.handler.ContextPathHandler.handle(ContextPathHandler.java:47)
	at com.jfinal.core.JFinalFilter.doFilter(JFinalFilter.java:72)
	at org.eclipse.jetty.servlet.ServletHandler$CachedChain.doFilter(ServletHandler.java:1307)
	at org.eclipse.jetty.servlet.ServletHandler.doHandle(ServletHandler.java:453)
	at org.eclipse.jetty.server.handler.ScopedHandler.handle(ScopedHandler.java:137)
	at org.eclipse.jetty.security.SecurityHandler.handle(SecurityHandler.java:560)
	at org.eclipse.jetty.server.session.SessionHandler.doHandle(SessionHandler.java:231)
	at org.eclipse.jetty.server.handler.ContextHandler.doHandle(ContextHandler.java:1072)
	at org.eclipse.jetty.servlet.ServletHandler.doScope(ServletHandler.java:382)
	at org.eclipse.jetty.server.session.SessionHandler.doScope(SessionHandler.java:193)
	at org.eclipse.jetty.server.handler.ContextHandler.doScope(ContextHandler.java:1006)
	at org.eclipse.jetty.server.handler.ScopedHandler.handle(ScopedHandler.java:135)
	at org.eclipse.jetty.server.handler.HandlerWrapper.handle(HandlerWrapper.java:116)
	at org.eclipse.jetty.server.Server.handle(Server.java:365)
	at org.eclipse.jetty.server.AbstractHttpConnection.handleRequest(AbstractHttpConnection.java:485)
	at org.eclipse.jetty.server.AbstractHttpConnection.headerComplete(AbstractHttpConnection.java:926)
	at org.eclipse.jetty.server.AbstractHttpConnection$RequestHandler.headerComplete(AbstractHttpConnection.java:988)
	at org.eclipse.jetty.http.HttpParser.parseNext(HttpParser.java:635)
	at org.eclipse.jetty.http.HttpParser.parseAvailable(HttpParser.java:235)
	at org.eclipse.jetty.server.AsyncHttpConnection.handle(AsyncHttpConnection.java:82)
	at org.eclipse.jetty.io.nio.SelectChannelEndPoint.handle(SelectChannelEndPoint.java:628)
	at org.eclipse.jetty.io.nio.SelectChannelEndPoint$1.run(SelectChannelEndPoint.java:52)
	at org.eclipse.jetty.util.thread.QueuedThreadPool.runJob(QueuedThreadPool.java:608)
	at org.eclipse.jetty.util.thread.QueuedThreadPool$3.run(QueuedThreadPool.java:543)
	at java.lang.Thread.run(Thread.java:744)
Caused by: freemarker.core.InvalidReferenceException: The following has evaluated to null or missing:
==> BASE_PATH  [in template "blog/blog.html" at line 1, column 15]

Tip: If the failing expression is known to be legally null/missing, either specify a default value with myOptionalVar!myDefault, or use <#if myOptionalVar??>when-present<#else>when-missing</#if>. (These only cover the last step of the expression; to cover the whole expression, use parenthessis: (myOptionVar.foo)!myDefault, (myOptionVar.foo)??

The failing instruction:
==> ${BASE_PATH}  [in template "blog/blog.html" at line 1, column 13]
	at freemarker.core.InvalidReferenceException.getInstance(InvalidReferenceException.java:98)
	at freemarker.core.EvalUtil.coerceModelToString(EvalUtil.java:382)
	at freemarker.core.Expression.evalAndCoerceToString(Expression.java:115)
	at freemarker.core.DollarVariable.accept(DollarVariable.java:76)
	at freemarker.core.Environment.visit(Environment.java:265)
	at freemarker.core.MixedContent.accept(MixedContent.java:93)
	at freemarker.core.Environment.visit(Environment.java:265)
	at freemarker.core.Environment.process(Environment.java:243)
	at freemarker.template.Template.process(Template.java:277)
	at com.jfinal.render.FreeMarkerRender.render(FreeMarkerRender.java:129)
	... 26 more
[ERROR]2014-07-11 15:29:02 (ActionHandler.java:123) 
/blog/datagrid
com.jfinal.plugin.activerecord.ActiveRecordException: com.jfinal.plugin.activerecord.ActiveRecordException: pageNumber and pageSize must be more than 0
	at com.jfinal.plugin.activerecord.DbPro.paginate(DbPro.java:490)
	at com.jfinal.plugin.activerecord.DbPro.paginate(DbPro.java:500)
	at com.jfinal.plugin.activerecord.Db.paginate(Db.java:356)
	at yes.model.Blog.datagrid(Blog.java:27)
	at yes.controller.BlogController.datagrid(BlogController.java:16)
	at sun.reflect.NativeMethodAccessorImpl.invoke0(Native Method)
	at sun.reflect.NativeMethodAccessorImpl.invoke(NativeMethodAccessorImpl.java:57)
	at sun.reflect.DelegatingMethodAccessorImpl.invoke(DelegatingMethodAccessorImpl.java:43)
	at java.lang.reflect.Method.invoke(Method.java:606)
	at com.jfinal.core.ActionInvocation.invoke(ActionInvocation.java:55)
	at yes.interceptor.GlobalInterceptor.intercept(GlobalInterceptor.java:31)
	at com.jfinal.core.ActionInvocation.invoke(ActionInvocation.java:51)
	at com.jfinal.core.ActionHandler.handle(ActionHandler.java:73)
	at com.jfinal.ext.handler.ContextPathHandler.handle(ContextPathHandler.java:47)
	at com.jfinal.core.JFinalFilter.doFilter(JFinalFilter.java:72)
	at org.eclipse.jetty.servlet.ServletHandler$CachedChain.doFilter(ServletHandler.java:1307)
	at org.eclipse.jetty.servlet.ServletHandler.doHandle(ServletHandler.java:453)
	at org.eclipse.jetty.server.handler.ScopedHandler.handle(ScopedHandler.java:137)
	at org.eclipse.jetty.security.SecurityHandler.handle(SecurityHandler.java:560)
	at org.eclipse.jetty.server.session.SessionHandler.doHandle(SessionHandler.java:231)
	at org.eclipse.jetty.server.handler.ContextHandler.doHandle(ContextHandler.java:1072)
	at org.eclipse.jetty.servlet.ServletHandler.doScope(ServletHandler.java:382)
	at org.eclipse.jetty.server.session.SessionHandler.doScope(SessionHandler.java:193)
	at org.eclipse.jetty.server.handler.ContextHandler.doScope(ContextHandler.java:1006)
	at org.eclipse.jetty.server.handler.ScopedHandler.handle(ScopedHandler.java:135)
	at org.eclipse.jetty.server.handler.HandlerWrapper.handle(HandlerWrapper.java:116)
	at org.eclipse.jetty.server.Server.handle(Server.java:365)
	at org.eclipse.jetty.server.AbstractHttpConnection.handleRequest(AbstractHttpConnection.java:485)
	at org.eclipse.jetty.server.AbstractHttpConnection.headerComplete(AbstractHttpConnection.java:926)
	at org.eclipse.jetty.server.AbstractHttpConnection$RequestHandler.headerComplete(AbstractHttpConnection.java:988)
	at org.eclipse.jetty.http.HttpParser.parseNext(HttpParser.java:635)
	at org.eclipse.jetty.http.HttpParser.parseAvailable(HttpParser.java:235)
	at org.eclipse.jetty.server.AsyncHttpConnection.handle(AsyncHttpConnection.java:82)
	at org.eclipse.jetty.io.nio.SelectChannelEndPoint.handle(SelectChannelEndPoint.java:628)
	at org.eclipse.jetty.io.nio.SelectChannelEndPoint$1.run(SelectChannelEndPoint.java:52)
	at org.eclipse.jetty.util.thread.QueuedThreadPool.runJob(QueuedThreadPool.java:608)
	at org.eclipse.jetty.util.thread.QueuedThreadPool$3.run(QueuedThreadPool.java:543)
	at java.lang.Thread.run(Thread.java:744)
Caused by: com.jfinal.plugin.activerecord.ActiveRecordException: pageNumber and pageSize must be more than 0
	at com.jfinal.plugin.activerecord.DbPro.paginate(DbPro.java:453)
	at com.jfinal.plugin.activerecord.DbPro.paginate(DbPro.java:488)
	... 37 more
[ERROR]2014-07-11 15:29:58 (ActionHandler.java:123) 
/blog/datagrid
com.jfinal.plugin.activerecord.ActiveRecordException: java.lang.NullPointerException
	at com.jfinal.plugin.activerecord.DbPro.paginate(DbPro.java:490)
	at com.jfinal.plugin.activerecord.DbPro.paginate(DbPro.java:500)
	at com.jfinal.plugin.activerecord.Db.paginate(Db.java:356)
	at yes.model.Blog.datagrid(Blog.java:27)
	at yes.controller.BlogController.datagrid(BlogController.java:16)
	at sun.reflect.NativeMethodAccessorImpl.invoke0(Native Method)
	at sun.reflect.NativeMethodAccessorImpl.invoke(NativeMethodAccessorImpl.java:57)
	at sun.reflect.DelegatingMethodAccessorImpl.invoke(DelegatingMethodAccessorImpl.java:43)
	at java.lang.reflect.Method.invoke(Method.java:606)
	at com.jfinal.core.ActionInvocation.invoke(ActionInvocation.java:55)
	at yes.interceptor.GlobalInterceptor.intercept(GlobalInterceptor.java:31)
	at com.jfinal.core.ActionInvocation.invoke(ActionInvocation.java:51)
	at com.jfinal.core.ActionHandler.handle(ActionHandler.java:73)
	at com.jfinal.ext.handler.ContextPathHandler.handle(ContextPathHandler.java:47)
	at com.jfinal.core.JFinalFilter.doFilter(JFinalFilter.java:72)
	at org.eclipse.jetty.servlet.ServletHandler$CachedChain.doFilter(ServletHandler.java:1307)
	at org.eclipse.jetty.servlet.ServletHandler.doHandle(ServletHandler.java:453)
	at org.eclipse.jetty.server.handler.ScopedHandler.handle(ScopedHandler.java:137)
	at org.eclipse.jetty.security.SecurityHandler.handle(SecurityHandler.java:560)
	at org.eclipse.jetty.server.session.SessionHandler.doHandle(SessionHandler.java:231)
	at org.eclipse.jetty.server.handler.ContextHandler.doHandle(ContextHandler.java:1072)
	at org.eclipse.jetty.servlet.ServletHandler.doScope(ServletHandler.java:382)
	at org.eclipse.jetty.server.session.SessionHandler.doScope(SessionHandler.java:193)
	at org.eclipse.jetty.server.handler.ContextHandler.doScope(ContextHandler.java:1006)
	at org.eclipse.jetty.server.handler.ScopedHandler.handle(ScopedHandler.java:135)
	at org.eclipse.jetty.server.handler.HandlerWrapper.handle(HandlerWrapper.java:116)
	at org.eclipse.jetty.server.Server.handle(Server.java:365)
	at org.eclipse.jetty.server.AbstractHttpConnection.handleRequest(AbstractHttpConnection.java:485)
	at org.eclipse.jetty.server.AbstractHttpConnection.headerComplete(AbstractHttpConnection.java:926)
	at org.eclipse.jetty.server.AbstractHttpConnection$RequestHandler.headerComplete(AbstractHttpConnection.java:988)
	at org.eclipse.jetty.http.HttpParser.parseNext(HttpParser.java:635)
	at org.eclipse.jetty.http.HttpParser.parseAvailable(HttpParser.java:235)
	at org.eclipse.jetty.server.AsyncHttpConnection.handle(AsyncHttpConnection.java:82)
	at org.eclipse.jetty.io.nio.SelectChannelEndPoint.handle(SelectChannelEndPoint.java:628)
	at org.eclipse.jetty.io.nio.SelectChannelEndPoint$1.run(SelectChannelEndPoint.java:52)
	at org.eclipse.jetty.util.thread.QueuedThreadPool.runJob(QueuedThreadPool.java:608)
	at org.eclipse.jetty.util.thread.QueuedThreadPool$3.run(QueuedThreadPool.java:543)
	at java.lang.Thread.run(Thread.java:744)
Caused by: java.lang.NullPointerException
	at com.jfinal.plugin.activerecord.DbKit.replaceFormatSqlOrderBy(DbKit.java:102)
	at com.jfinal.plugin.activerecord.DbPro.paginate(DbPro.java:460)
	at com.jfinal.plugin.activerecord.DbPro.paginate(DbPro.java:488)
	... 37 more
[ERROR]2014-07-11 15:30:49 (ActionHandler.java:123) 
/blog/datagrid
com.jfinal.plugin.activerecord.ActiveRecordException: java.lang.NullPointerException
	at com.jfinal.plugin.activerecord.DbPro.paginate(DbPro.java:490)
	at com.jfinal.plugin.activerecord.DbPro.paginate(DbPro.java:500)
	at com.jfinal.plugin.activerecord.Db.paginate(Db.java:356)
	at yes.model.Blog.datagrid(Blog.java:27)
	at yes.controller.BlogController.datagrid(BlogController.java:16)
	at sun.reflect.NativeMethodAccessorImpl.invoke0(Native Method)
	at sun.reflect.NativeMethodAccessorImpl.invoke(NativeMethodAccessorImpl.java:57)
	at sun.reflect.DelegatingMethodAccessorImpl.invoke(DelegatingMethodAccessorImpl.java:43)
	at java.lang.reflect.Method.invoke(Method.java:606)
	at com.jfinal.core.ActionInvocation.invoke(ActionInvocation.java:55)
	at yes.interceptor.GlobalInterceptor.intercept(GlobalInterceptor.java:31)
	at com.jfinal.core.ActionInvocation.invoke(ActionInvocation.java:51)
	at com.jfinal.core.ActionHandler.handle(ActionHandler.java:73)
	at com.jfinal.ext.handler.ContextPathHandler.handle(ContextPathHandler.java:47)
	at com.jfinal.core.JFinalFilter.doFilter(JFinalFilter.java:72)
	at org.eclipse.jetty.servlet.ServletHandler$CachedChain.doFilter(ServletHandler.java:1307)
	at org.eclipse.jetty.servlet.ServletHandler.doHandle(ServletHandler.java:453)
	at org.eclipse.jetty.server.handler.ScopedHandler.handle(ScopedHandler.java:137)
	at org.eclipse.jetty.security.SecurityHandler.handle(SecurityHandler.java:560)
	at org.eclipse.jetty.server.session.SessionHandler.doHandle(SessionHandler.java:231)
	at org.eclipse.jetty.server.handler.ContextHandler.doHandle(ContextHandler.java:1072)
	at org.eclipse.jetty.servlet.ServletHandler.doScope(ServletHandler.java:382)
	at org.eclipse.jetty.server.session.SessionHandler.doScope(SessionHandler.java:193)
	at org.eclipse.jetty.server.handler.ContextHandler.doScope(ContextHandler.java:1006)
	at org.eclipse.jetty.server.handler.ScopedHandler.handle(ScopedHandler.java:135)
	at org.eclipse.jetty.server.handler.HandlerWrapper.handle(HandlerWrapper.java:116)
	at org.eclipse.jetty.server.Server.handle(Server.java:365)
	at org.eclipse.jetty.server.AbstractHttpConnection.handleRequest(AbstractHttpConnection.java:485)
	at org.eclipse.jetty.server.AbstractHttpConnection.headerComplete(AbstractHttpConnection.java:926)
	at org.eclipse.jetty.server.AbstractHttpConnection$RequestHandler.headerComplete(AbstractHttpConnection.java:988)
	at org.eclipse.jetty.http.HttpParser.parseNext(HttpParser.java:635)
	at org.eclipse.jetty.http.HttpParser.parseAvailable(HttpParser.java:235)
	at org.eclipse.jetty.server.AsyncHttpConnection.handle(AsyncHttpConnection.java:82)
	at org.eclipse.jetty.io.nio.SelectChannelEndPoint.handle(SelectChannelEndPoint.java:628)
	at org.eclipse.jetty.io.nio.SelectChannelEndPoint$1.run(SelectChannelEndPoint.java:52)
	at org.eclipse.jetty.util.thread.QueuedThreadPool.runJob(QueuedThreadPool.java:608)
	at org.eclipse.jetty.util.thread.QueuedThreadPool$3.run(QueuedThreadPool.java:543)
	at java.lang.Thread.run(Thread.java:744)
Caused by: java.lang.NullPointerException
	at com.jfinal.plugin.activerecord.DbKit.replaceFormatSqlOrderBy(DbKit.java:102)
	at com.jfinal.plugin.activerecord.DbPro.paginate(DbPro.java:460)
	at com.jfinal.plugin.activerecord.DbPro.paginate(DbPro.java:488)
	... 37 more
[ERROR]2014-07-11 15:33:26 (ActionHandler.java:123) 
/blog/datagrid
com.jfinal.plugin.activerecord.ActiveRecordException: com.jfinal.plugin.activerecord.ActiveRecordException: pageNumber and pageSize must be more than 0
	at com.jfinal.plugin.activerecord.DbPro.paginate(DbPro.java:490)
	at com.jfinal.plugin.activerecord.DbPro.paginate(DbPro.java:500)
	at com.jfinal.plugin.activerecord.Db.paginate(Db.java:356)
	at yes.model.Blog.datagrid(Blog.java:27)
	at yes.controller.BlogController.datagrid(BlogController.java:16)
	at sun.reflect.NativeMethodAccessorImpl.invoke0(Native Method)
	at sun.reflect.NativeMethodAccessorImpl.invoke(NativeMethodAccessorImpl.java:57)
	at sun.reflect.DelegatingMethodAccessorImpl.invoke(DelegatingMethodAccessorImpl.java:43)
	at java.lang.reflect.Method.invoke(Method.java:606)
	at com.jfinal.core.ActionInvocation.invoke(ActionInvocation.java:55)
	at yes.interceptor.GlobalInterceptor.intercept(GlobalInterceptor.java:31)
	at com.jfinal.core.ActionInvocation.invoke(ActionInvocation.java:51)
	at com.jfinal.core.ActionHandler.handle(ActionHandler.java:73)
	at com.jfinal.ext.handler.ContextPathHandler.handle(ContextPathHandler.java:47)
	at com.jfinal.core.JFinalFilter.doFilter(JFinalFilter.java:72)
	at org.eclipse.jetty.servlet.ServletHandler$CachedChain.doFilter(ServletHandler.java:1307)
	at org.eclipse.jetty.servlet.ServletHandler.doHandle(ServletHandler.java:453)
	at org.eclipse.jetty.server.handler.ScopedHandler.handle(ScopedHandler.java:137)
	at org.eclipse.jetty.security.SecurityHandler.handle(SecurityHandler.java:560)
	at org.eclipse.jetty.server.session.SessionHandler.doHandle(SessionHandler.java:231)
	at org.eclipse.jetty.server.handler.ContextHandler.doHandle(ContextHandler.java:1072)
	at org.eclipse.jetty.servlet.ServletHandler.doScope(ServletHandler.java:382)
	at org.eclipse.jetty.server.session.SessionHandler.doScope(SessionHandler.java:193)
	at org.eclipse.jetty.server.handler.ContextHandler.doScope(ContextHandler.java:1006)
	at org.eclipse.jetty.server.handler.ScopedHandler.handle(ScopedHandler.java:135)
	at org.eclipse.jetty.server.handler.HandlerWrapper.handle(HandlerWrapper.java:116)
	at org.eclipse.jetty.server.Server.handle(Server.java:365)
	at org.eclipse.jetty.server.AbstractHttpConnection.handleRequest(AbstractHttpConnection.java:485)
	at org.eclipse.jetty.server.AbstractHttpConnection.headerComplete(AbstractHttpConnection.java:926)
	at org.eclipse.jetty.server.AbstractHttpConnection$RequestHandler.headerComplete(AbstractHttpConnection.java:988)
	at org.eclipse.jetty.http.HttpParser.parseNext(HttpParser.java:635)
	at org.eclipse.jetty.http.HttpParser.parseAvailable(HttpParser.java:235)
	at org.eclipse.jetty.server.AsyncHttpConnection.handle(AsyncHttpConnection.java:82)
	at org.eclipse.jetty.io.nio.SelectChannelEndPoint.handle(SelectChannelEndPoint.java:628)
	at org.eclipse.jetty.io.nio.SelectChannelEndPoint$1.run(SelectChannelEndPoint.java:52)
	at org.eclipse.jetty.util.thread.QueuedThreadPool.runJob(QueuedThreadPool.java:608)
	at org.eclipse.jetty.util.thread.QueuedThreadPool$3.run(QueuedThreadPool.java:543)
	at java.lang.Thread.run(Thread.java:744)
Caused by: com.jfinal.plugin.activerecord.ActiveRecordException: pageNumber and pageSize must be more than 0
	at com.jfinal.plugin.activerecord.DbPro.paginate(DbPro.java:453)
	at com.jfinal.plugin.activerecord.DbPro.paginate(DbPro.java:488)
	... 37 more
[ERROR]2014-07-11 15:36:00 (ActionHandler.java:123) 
/blog/datagrid
com.jfinal.plugin.activerecord.ActiveRecordException: java.lang.NullPointerException
	at com.jfinal.plugin.activerecord.DbPro.paginate(DbPro.java:490)
	at com.jfinal.plugin.activerecord.DbPro.paginate(DbPro.java:500)
	at com.jfinal.plugin.activerecord.Db.paginate(Db.java:356)
	at yes.model.Blog.datagrid(Blog.java:27)
	at yes.controller.BlogController.datagrid(BlogController.java:16)
	at sun.reflect.NativeMethodAccessorImpl.invoke0(Native Method)
	at sun.reflect.NativeMethodAccessorImpl.invoke(NativeMethodAccessorImpl.java:57)
	at sun.reflect.DelegatingMethodAccessorImpl.invoke(DelegatingMethodAccessorImpl.java:43)
	at java.lang.reflect.Method.invoke(Method.java:606)
	at com.jfinal.core.ActionInvocation.invoke(ActionInvocation.java:55)
	at yes.interceptor.GlobalInterceptor.intercept(GlobalInterceptor.java:31)
	at com.jfinal.core.ActionInvocation.invoke(ActionInvocation.java:51)
	at com.jfinal.core.ActionHandler.handle(ActionHandler.java:73)
	at com.jfinal.ext.handler.ContextPathHandler.handle(ContextPathHandler.java:47)
	at com.jfinal.core.JFinalFilter.doFilter(JFinalFilter.java:72)
	at org.eclipse.jetty.servlet.ServletHandler$CachedChain.doFilter(ServletHandler.java:1307)
	at org.eclipse.jetty.servlet.ServletHandler.doHandle(ServletHandler.java:453)
	at org.eclipse.jetty.server.handler.ScopedHandler.handle(ScopedHandler.java:137)
	at org.eclipse.jetty.security.SecurityHandler.handle(SecurityHandler.java:560)
	at org.eclipse.jetty.server.session.SessionHandler.doHandle(SessionHandler.java:231)
	at org.eclipse.jetty.server.handler.ContextHandler.doHandle(ContextHandler.java:1072)
	at org.eclipse.jetty.servlet.ServletHandler.doScope(ServletHandler.java:382)
	at org.eclipse.jetty.server.session.SessionHandler.doScope(SessionHandler.java:193)
	at org.eclipse.jetty.server.handler.ContextHandler.doScope(ContextHandler.java:1006)
	at org.eclipse.jetty.server.handler.ScopedHandler.handle(ScopedHandler.java:135)
	at org.eclipse.jetty.server.handler.HandlerWrapper.handle(HandlerWrapper.java:116)
	at org.eclipse.jetty.server.Server.handle(Server.java:365)
	at org.eclipse.jetty.server.AbstractHttpConnection.handleRequest(AbstractHttpConnection.java:485)
	at org.eclipse.jetty.server.AbstractHttpConnection.headerComplete(AbstractHttpConnection.java:926)
	at org.eclipse.jetty.server.AbstractHttpConnection$RequestHandler.headerComplete(AbstractHttpConnection.java:988)
	at org.eclipse.jetty.http.HttpParser.parseNext(HttpParser.java:635)
	at org.eclipse.jetty.http.HttpParser.parseAvailable(HttpParser.java:235)
	at org.eclipse.jetty.server.AsyncHttpConnection.handle(AsyncHttpConnection.java:82)
	at org.eclipse.jetty.io.nio.SelectChannelEndPoint.handle(SelectChannelEndPoint.java:628)
	at org.eclipse.jetty.io.nio.SelectChannelEndPoint$1.run(SelectChannelEndPoint.java:52)
	at org.eclipse.jetty.util.thread.QueuedThreadPool.runJob(QueuedThreadPool.java:608)
	at org.eclipse.jetty.util.thread.QueuedThreadPool$3.run(QueuedThreadPool.java:543)
	at java.lang.Thread.run(Thread.java:744)
Caused by: java.lang.NullPointerException
	at com.jfinal.plugin.activerecord.DbKit.replaceFormatSqlOrderBy(DbKit.java:102)
	at com.jfinal.plugin.activerecord.DbPro.paginate(DbPro.java:460)
	at com.jfinal.plugin.activerecord.DbPro.paginate(DbPro.java:488)
	... 37 more
[ERROR]2014-07-11 15:38:39 (ActionHandler.java:123) 
/blog/datagrid
com.jfinal.plugin.activerecord.ActiveRecordException: java.lang.NullPointerException
	at com.jfinal.plugin.activerecord.DbPro.paginate(DbPro.java:490)
	at com.jfinal.plugin.activerecord.DbPro.paginate(DbPro.java:500)
	at com.jfinal.plugin.activerecord.Db.paginate(Db.java:356)
	at yes.model.Blog.datagrid(Blog.java:28)
	at yes.controller.BlogController.datagrid(BlogController.java:16)
	at sun.reflect.NativeMethodAccessorImpl.invoke0(Native Method)
	at sun.reflect.NativeMethodAccessorImpl.invoke(NativeMethodAccessorImpl.java:57)
	at sun.reflect.DelegatingMethodAccessorImpl.invoke(DelegatingMethodAccessorImpl.java:43)
	at java.lang.reflect.Method.invoke(Method.java:606)
	at com.jfinal.core.ActionInvocation.invoke(ActionInvocation.java:55)
	at yes.interceptor.GlobalInterceptor.intercept(GlobalInterceptor.java:31)
	at com.jfinal.core.ActionInvocation.invoke(ActionInvocation.java:51)
	at com.jfinal.core.ActionHandler.handle(ActionHandler.java:73)
	at com.jfinal.ext.handler.ContextPathHandler.handle(ContextPathHandler.java:47)
	at com.jfinal.core.JFinalFilter.doFilter(JFinalFilter.java:72)
	at org.eclipse.jetty.servlet.ServletHandler$CachedChain.doFilter(ServletHandler.java:1307)
	at org.eclipse.jetty.servlet.ServletHandler.doHandle(ServletHandler.java:453)
	at org.eclipse.jetty.server.handler.ScopedHandler.handle(ScopedHandler.java:137)
	at org.eclipse.jetty.security.SecurityHandler.handle(SecurityHandler.java:560)
	at org.eclipse.jetty.server.session.SessionHandler.doHandle(SessionHandler.java:231)
	at org.eclipse.jetty.server.handler.ContextHandler.doHandle(ContextHandler.java:1072)
	at org.eclipse.jetty.servlet.ServletHandler.doScope(ServletHandler.java:382)
	at org.eclipse.jetty.server.session.SessionHandler.doScope(SessionHandler.java:193)
	at org.eclipse.jetty.server.handler.ContextHandler.doScope(ContextHandler.java:1006)
	at org.eclipse.jetty.server.handler.ScopedHandler.handle(ScopedHandler.java:135)
	at org.eclipse.jetty.server.handler.HandlerWrapper.handle(HandlerWrapper.java:116)
	at org.eclipse.jetty.server.Server.handle(Server.java:365)
	at org.eclipse.jetty.server.AbstractHttpConnection.handleRequest(AbstractHttpConnection.java:485)
	at org.eclipse.jetty.server.AbstractHttpConnection.headerComplete(AbstractHttpConnection.java:926)
	at org.eclipse.jetty.server.AbstractHttpConnection$RequestHandler.headerComplete(AbstractHttpConnection.java:988)
	at org.eclipse.jetty.http.HttpParser.parseNext(HttpParser.java:635)
	at org.eclipse.jetty.http.HttpParser.parseAvailable(HttpParser.java:235)
	at org.eclipse.jetty.server.AsyncHttpConnection.handle(AsyncHttpConnection.java:82)
	at org.eclipse.jetty.io.nio.SelectChannelEndPoint.handle(SelectChannelEndPoint.java:628)
	at org.eclipse.jetty.io.nio.SelectChannelEndPoint$1.run(SelectChannelEndPoint.java:52)
	at org.eclipse.jetty.util.thread.QueuedThreadPool.runJob(QueuedThreadPool.java:608)
	at org.eclipse.jetty.util.thread.QueuedThreadPool$3.run(QueuedThreadPool.java:543)
	at java.lang.Thread.run(Thread.java:744)
Caused by: java.lang.NullPointerException
	at com.jfinal.plugin.activerecord.DbKit.replaceFormatSqlOrderBy(DbKit.java:102)
	at com.jfinal.plugin.activerecord.DbPro.paginate(DbPro.java:460)
	at com.jfinal.plugin.activerecord.DbPro.paginate(DbPro.java:488)
	... 37 more
[ERROR]2014-07-11 15:41:28 (ActionHandler.java:123) 
/blog/datagrid
com.jfinal.plugin.activerecord.ActiveRecordException: java.lang.NullPointerException
	at com.jfinal.plugin.activerecord.DbPro.paginate(DbPro.java:490)
	at com.jfinal.plugin.activerecord.DbPro.paginate(DbPro.java:500)
	at com.jfinal.plugin.activerecord.Db.paginate(Db.java:356)
	at yes.model.Blog.datagrid(Blog.java:28)
	at yes.controller.BlogController.datagrid(BlogController.java:16)
	at sun.reflect.NativeMethodAccessorImpl.invoke0(Native Method)
	at sun.reflect.NativeMethodAccessorImpl.invoke(NativeMethodAccessorImpl.java:57)
	at sun.reflect.DelegatingMethodAccessorImpl.invoke(DelegatingMethodAccessorImpl.java:43)
	at java.lang.reflect.Method.invoke(Method.java:606)
	at com.jfinal.core.ActionInvocation.invoke(ActionInvocation.java:55)
	at yes.interceptor.GlobalInterceptor.intercept(GlobalInterceptor.java:31)
	at com.jfinal.core.ActionInvocation.invoke(ActionInvocation.java:51)
	at com.jfinal.core.ActionHandler.handle(ActionHandler.java:73)
	at com.jfinal.ext.handler.ContextPathHandler.handle(ContextPathHandler.java:47)
	at com.jfinal.core.JFinalFilter.doFilter(JFinalFilter.java:72)
	at org.eclipse.jetty.servlet.ServletHandler$CachedChain.doFilter(ServletHandler.java:1307)
	at org.eclipse.jetty.servlet.ServletHandler.doHandle(ServletHandler.java:453)
	at org.eclipse.jetty.server.handler.ScopedHandler.handle(ScopedHandler.java:137)
	at org.eclipse.jetty.security.SecurityHandler.handle(SecurityHandler.java:560)
	at org.eclipse.jetty.server.session.SessionHandler.doHandle(SessionHandler.java:231)
	at org.eclipse.jetty.server.handler.ContextHandler.doHandle(ContextHandler.java:1072)
	at org.eclipse.jetty.servlet.ServletHandler.doScope(ServletHandler.java:382)
	at org.eclipse.jetty.server.session.SessionHandler.doScope(SessionHandler.java:193)
	at org.eclipse.jetty.server.handler.ContextHandler.doScope(ContextHandler.java:1006)
	at org.eclipse.jetty.server.handler.ScopedHandler.handle(ScopedHandler.java:135)
	at org.eclipse.jetty.server.handler.HandlerWrapper.handle(HandlerWrapper.java:116)
	at org.eclipse.jetty.server.Server.handle(Server.java:365)
	at org.eclipse.jetty.server.AbstractHttpConnection.handleRequest(AbstractHttpConnection.java:485)
	at org.eclipse.jetty.server.AbstractHttpConnection.headerComplete(AbstractHttpConnection.java:926)
	at org.eclipse.jetty.server.AbstractHttpConnection$RequestHandler.headerComplete(AbstractHttpConnection.java:988)
	at org.eclipse.jetty.http.HttpParser.parseNext(HttpParser.java:635)
	at org.eclipse.jetty.http.HttpParser.parseAvailable(HttpParser.java:235)
	at org.eclipse.jetty.server.AsyncHttpConnection.handle(AsyncHttpConnection.java:82)
	at org.eclipse.jetty.io.nio.SelectChannelEndPoint.handle(SelectChannelEndPoint.java:628)
	at org.eclipse.jetty.io.nio.SelectChannelEndPoint$1.run(SelectChannelEndPoint.java:52)
	at org.eclipse.jetty.util.thread.QueuedThreadPool.runJob(QueuedThreadPool.java:608)
	at org.eclipse.jetty.util.thread.QueuedThreadPool$3.run(QueuedThreadPool.java:543)
	at java.lang.Thread.run(Thread.java:744)
Caused by: java.lang.NullPointerException
	at com.jfinal.plugin.activerecord.DbKit.replaceFormatSqlOrderBy(DbKit.java:102)
	at com.jfinal.plugin.activerecord.DbPro.paginate(DbPro.java:460)
	at com.jfinal.plugin.activerecord.DbPro.paginate(DbPro.java:488)
	... 37 more
[ERROR]2014-07-11 15:42:31 (ActionHandler.java:123) 
/blog/datagrid
com.jfinal.plugin.activerecord.ActiveRecordException: java.lang.NullPointerException
	at com.jfinal.plugin.activerecord.DbPro.paginate(DbPro.java:490)
	at com.jfinal.plugin.activerecord.DbPro.paginate(DbPro.java:500)
	at com.jfinal.plugin.activerecord.Db.paginate(Db.java:356)
	at yes.model.Blog.datagrid(Blog.java:29)
	at yes.controller.BlogController.datagrid(BlogController.java:16)
	at sun.reflect.NativeMethodAccessorImpl.invoke0(Native Method)
	at sun.reflect.NativeMethodAccessorImpl.invoke(NativeMethodAccessorImpl.java:57)
	at sun.reflect.DelegatingMethodAccessorImpl.invoke(DelegatingMethodAccessorImpl.java:43)
	at java.lang.reflect.Method.invoke(Method.java:606)
	at com.jfinal.core.ActionInvocation.invoke(ActionInvocation.java:55)
	at yes.interceptor.GlobalInterceptor.intercept(GlobalInterceptor.java:31)
	at com.jfinal.core.ActionInvocation.invoke(ActionInvocation.java:51)
	at com.jfinal.core.ActionHandler.handle(ActionHandler.java:73)
	at com.jfinal.ext.handler.ContextPathHandler.handle(ContextPathHandler.java:47)
	at com.jfinal.core.JFinalFilter.doFilter(JFinalFilter.java:72)
	at org.eclipse.jetty.servlet.ServletHandler$CachedChain.doFilter(ServletHandler.java:1307)
	at org.eclipse.jetty.servlet.ServletHandler.doHandle(ServletHandler.java:453)
	at org.eclipse.jetty.server.handler.ScopedHandler.handle(ScopedHandler.java:137)
	at org.eclipse.jetty.security.SecurityHandler.handle(SecurityHandler.java:560)
	at org.eclipse.jetty.server.session.SessionHandler.doHandle(SessionHandler.java:231)
	at org.eclipse.jetty.server.handler.ContextHandler.doHandle(ContextHandler.java:1072)
	at org.eclipse.jetty.servlet.ServletHandler.doScope(ServletHandler.java:382)
	at org.eclipse.jetty.server.session.SessionHandler.doScope(SessionHandler.java:193)
	at org.eclipse.jetty.server.handler.ContextHandler.doScope(ContextHandler.java:1006)
	at org.eclipse.jetty.server.handler.ScopedHandler.handle(ScopedHandler.java:135)
	at org.eclipse.jetty.server.handler.HandlerWrapper.handle(HandlerWrapper.java:116)
	at org.eclipse.jetty.server.Server.handle(Server.java:365)
	at org.eclipse.jetty.server.AbstractHttpConnection.handleRequest(AbstractHttpConnection.java:485)
	at org.eclipse.jetty.server.AbstractHttpConnection.headerComplete(AbstractHttpConnection.java:926)
	at org.eclipse.jetty.server.AbstractHttpConnection$RequestHandler.headerComplete(AbstractHttpConnection.java:988)
	at org.eclipse.jetty.http.HttpParser.parseNext(HttpParser.java:635)
	at org.eclipse.jetty.http.HttpParser.parseAvailable(HttpParser.java:235)
	at org.eclipse.jetty.server.AsyncHttpConnection.handle(AsyncHttpConnection.java:82)
	at org.eclipse.jetty.io.nio.SelectChannelEndPoint.handle(SelectChannelEndPoint.java:628)
	at org.eclipse.jetty.io.nio.SelectChannelEndPoint$1.run(SelectChannelEndPoint.java:52)
	at org.eclipse.jetty.util.thread.QueuedThreadPool.runJob(QueuedThreadPool.java:608)
	at org.eclipse.jetty.util.thread.QueuedThreadPool$3.run(QueuedThreadPool.java:543)
	at java.lang.Thread.run(Thread.java:744)
Caused by: java.lang.NullPointerException
	at com.jfinal.plugin.activerecord.DbKit.replaceFormatSqlOrderBy(DbKit.java:102)
	at com.jfinal.plugin.activerecord.DbPro.paginate(DbPro.java:460)
	at com.jfinal.plugin.activerecord.DbPro.paginate(DbPro.java:488)
	... 37 more
[ERROR]2014-07-11 16:09:55 (ActionHandler.java:123) 
/blog/save
com.jfinal.plugin.activerecord.ActiveRecordException: com.mysql.jdbc.exceptions.jdbc4.MySQLIntegrityConstraintViolationException: Column 'id' cannot be null
	at com.jfinal.plugin.activerecord.Model.save(Model.java:324)
	at yes.controller.BlogController.save(BlogController.java:26)
	at sun.reflect.NativeMethodAccessorImpl.invoke0(Native Method)
	at sun.reflect.NativeMethodAccessorImpl.invoke(NativeMethodAccessorImpl.java:57)
	at sun.reflect.DelegatingMethodAccessorImpl.invoke(DelegatingMethodAccessorImpl.java:43)
	at java.lang.reflect.Method.invoke(Method.java:606)
	at com.jfinal.core.ActionInvocation.invoke(ActionInvocation.java:55)
	at yes.interceptor.GlobalInterceptor.intercept(GlobalInterceptor.java:31)
	at com.jfinal.core.ActionInvocation.invoke(ActionInvocation.java:51)
	at com.jfinal.core.ActionHandler.handle(ActionHandler.java:73)
	at com.jfinal.core.JFinalFilter.doFilter(JFinalFilter.java:72)
	at org.eclipse.jetty.servlet.ServletHandler$CachedChain.doFilter(ServletHandler.java:1307)
	at org.eclipse.jetty.servlet.ServletHandler.doHandle(ServletHandler.java:453)
	at org.eclipse.jetty.server.handler.ScopedHandler.handle(ScopedHandler.java:137)
	at org.eclipse.jetty.security.SecurityHandler.handle(SecurityHandler.java:560)
	at org.eclipse.jetty.server.session.SessionHandler.doHandle(SessionHandler.java:231)
	at org.eclipse.jetty.server.handler.ContextHandler.doHandle(ContextHandler.java:1072)
	at org.eclipse.jetty.servlet.ServletHandler.doScope(ServletHandler.java:382)
	at org.eclipse.jetty.server.session.SessionHandler.doScope(SessionHandler.java:193)
	at org.eclipse.jetty.server.handler.ContextHandler.doScope(ContextHandler.java:1006)
	at org.eclipse.jetty.server.handler.ScopedHandler.handle(ScopedHandler.java:135)
	at org.eclipse.jetty.server.handler.HandlerWrapper.handle(HandlerWrapper.java:116)
	at org.eclipse.jetty.server.Server.handle(Server.java:365)
	at org.eclipse.jetty.server.AbstractHttpConnection.handleRequest(AbstractHttpConnection.java:485)
	at org.eclipse.jetty.server.AbstractHttpConnection.content(AbstractHttpConnection.java:937)
	at org.eclipse.jetty.server.AbstractHttpConnection$RequestHandler.content(AbstractHttpConnection.java:998)
	at org.eclipse.jetty.http.HttpParser.parseNext(HttpParser.java:856)
	at org.eclipse.jetty.http.HttpParser.parseAvailable(HttpParser.java:240)
	at org.eclipse.jetty.server.AsyncHttpConnection.handle(AsyncHttpConnection.java:82)
	at org.eclipse.jetty.io.nio.SelectChannelEndPoint.handle(SelectChannelEndPoint.java:628)
	at org.eclipse.jetty.io.nio.SelectChannelEndPoint$1.run(SelectChannelEndPoint.java:52)
	at org.eclipse.jetty.util.thread.QueuedThreadPool.runJob(QueuedThreadPool.java:608)
	at org.eclipse.jetty.util.thread.QueuedThreadPool$3.run(QueuedThreadPool.java:543)
	at java.lang.Thread.run(Thread.java:744)
Caused by: com.mysql.jdbc.exceptions.jdbc4.MySQLIntegrityConstraintViolationException: Column 'id' cannot be null
	at sun.reflect.NativeConstructorAccessorImpl.newInstance0(Native Method)
	at sun.reflect.NativeConstructorAccessorImpl.newInstance(NativeConstructorAccessorImpl.java:57)
	at sun.reflect.DelegatingConstructorAccessorImpl.newInstance(DelegatingConstructorAccessorImpl.java:45)
	at java.lang.reflect.Constructor.newInstance(Constructor.java:526)
	at com.mysql.jdbc.Util.handleNewInstance(Util.java:411)
	at com.mysql.jdbc.Util.getInstance(Util.java:386)
	at com.mysql.jdbc.SQLError.createSQLException(SQLError.java:1039)
	at com.mysql.jdbc.MysqlIO.checkErrorPacket(MysqlIO.java:4096)
	at com.mysql.jdbc.MysqlIO.checkErrorPacket(MysqlIO.java:4028)
	at com.mysql.jdbc.MysqlIO.sendCommand(MysqlIO.java:2490)
	at com.mysql.jdbc.MysqlIO.sqlQueryDirect(MysqlIO.java:2651)
	at com.mysql.jdbc.ConnectionImpl.execSQL(ConnectionImpl.java:2683)
	at com.mysql.jdbc.PreparedStatement.executeInternal(PreparedStatement.java:2144)
	at com.mysql.jdbc.PreparedStatement.executeUpdate(PreparedStatement.java:2444)
	at com.mysql.jdbc.PreparedStatement.executeUpdate(PreparedStatement.java:2362)
	at com.mysql.jdbc.PreparedStatement.executeUpdate(PreparedStatement.java:2347)
	at com.mchange.v2.c3p0.impl.NewProxyPreparedStatement.executeUpdate(NewProxyPreparedStatement.java:105)
	at com.jfinal.plugin.activerecord.Model.save(Model.java:319)
	... 33 more
[ERROR]2014-07-11 16:10:20 (ActionHandler.java:123) 
/blog/delete
java.lang.NullPointerException
	at yes.model.Blog.delete(Blog.java:42)
	at yes.controller.BlogController.delete(BlogController.java:34)
	at sun.reflect.NativeMethodAccessorImpl.invoke0(Native Method)
	at sun.reflect.NativeMethodAccessorImpl.invoke(NativeMethodAccessorImpl.java:57)
	at sun.reflect.DelegatingMethodAccessorImpl.invoke(DelegatingMethodAccessorImpl.java:43)
	at java.lang.reflect.Method.invoke(Method.java:606)
	at com.jfinal.core.ActionInvocation.invoke(ActionInvocation.java:55)
	at yes.interceptor.GlobalInterceptor.intercept(GlobalInterceptor.java:31)
	at com.jfinal.core.ActionInvocation.invoke(ActionInvocation.java:51)
	at com.jfinal.core.ActionHandler.handle(ActionHandler.java:73)
	at com.jfinal.core.JFinalFilter.doFilter(JFinalFilter.java:72)
	at org.eclipse.jetty.servlet.ServletHandler$CachedChain.doFilter(ServletHandler.java:1307)
	at org.eclipse.jetty.servlet.ServletHandler.doHandle(ServletHandler.java:453)
	at org.eclipse.jetty.server.handler.ScopedHandler.handle(ScopedHandler.java:137)
	at org.eclipse.jetty.security.SecurityHandler.handle(SecurityHandler.java:560)
	at org.eclipse.jetty.server.session.SessionHandler.doHandle(SessionHandler.java:231)
	at org.eclipse.jetty.server.handler.ContextHandler.doHandle(ContextHandler.java:1072)
	at org.eclipse.jetty.servlet.ServletHandler.doScope(ServletHandler.java:382)
	at org.eclipse.jetty.server.session.SessionHandler.doScope(SessionHandler.java:193)
	at org.eclipse.jetty.server.handler.ContextHandler.doScope(ContextHandler.java:1006)
	at org.eclipse.jetty.server.handler.ScopedHandler.handle(ScopedHandler.java:135)
	at org.eclipse.jetty.server.handler.HandlerWrapper.handle(HandlerWrapper.java:116)
	at org.eclipse.jetty.server.Server.handle(Server.java:365)
	at org.eclipse.jetty.server.AbstractHttpConnection.handleRequest(AbstractHttpConnection.java:485)
	at org.eclipse.jetty.server.AbstractHttpConnection.content(AbstractHttpConnection.java:937)
	at org.eclipse.jetty.server.AbstractHttpConnection$RequestHandler.content(AbstractHttpConnection.java:998)
	at org.eclipse.jetty.http.HttpParser.parseNext(HttpParser.java:856)
	at org.eclipse.jetty.http.HttpParser.parseAvailable(HttpParser.java:240)
	at org.eclipse.jetty.server.AsyncHttpConnection.handle(AsyncHttpConnection.java:82)
	at org.eclipse.jetty.io.nio.SelectChannelEndPoint.handle(SelectChannelEndPoint.java:628)
	at org.eclipse.jetty.io.nio.SelectChannelEndPoint$1.run(SelectChannelEndPoint.java:52)
	at org.eclipse.jetty.util.thread.QueuedThreadPool.runJob(QueuedThreadPool.java:608)
	at org.eclipse.jetty.util.thread.QueuedThreadPool$3.run(QueuedThreadPool.java:543)
	at java.lang.Thread.run(Thread.java:744)
[ERROR]2014-07-11 16:11:35 (ActionHandler.java:123) 
/blog/delete
java.lang.NullPointerException
	at yes.model.Blog.delete(Blog.java:42)
	at yes.controller.BlogController.delete(BlogController.java:34)
	at sun.reflect.NativeMethodAccessorImpl.invoke0(Native Method)
	at sun.reflect.NativeMethodAccessorImpl.invoke(NativeMethodAccessorImpl.java:57)
	at sun.reflect.DelegatingMethodAccessorImpl.invoke(DelegatingMethodAccessorImpl.java:43)
	at java.lang.reflect.Method.invoke(Method.java:606)
	at com.jfinal.core.ActionInvocation.invoke(ActionInvocation.java:55)
	at yes.interceptor.GlobalInterceptor.intercept(GlobalInterceptor.java:31)
	at com.jfinal.core.ActionInvocation.invoke(ActionInvocation.java:51)
	at com.jfinal.core.ActionHandler.handle(ActionHandler.java:73)
	at com.jfinal.core.JFinalFilter.doFilter(JFinalFilter.java:72)
	at org.eclipse.jetty.servlet.ServletHandler$CachedChain.doFilter(ServletHandler.java:1307)
	at org.eclipse.jetty.servlet.ServletHandler.doHandle(ServletHandler.java:453)
	at org.eclipse.jetty.server.handler.ScopedHandler.handle(ScopedHandler.java:137)
	at org.eclipse.jetty.security.SecurityHandler.handle(SecurityHandler.java:560)
	at org.eclipse.jetty.server.session.SessionHandler.doHandle(SessionHandler.java:231)
	at org.eclipse.jetty.server.handler.ContextHandler.doHandle(ContextHandler.java:1072)
	at org.eclipse.jetty.servlet.ServletHandler.doScope(ServletHandler.java:382)
	at org.eclipse.jetty.server.session.SessionHandler.doScope(SessionHandler.java:193)
	at org.eclipse.jetty.server.handler.ContextHandler.doScope(ContextHandler.java:1006)
	at org.eclipse.jetty.server.handler.ScopedHandler.handle(ScopedHandler.java:135)
	at org.eclipse.jetty.server.handler.HandlerWrapper.handle(HandlerWrapper.java:116)
	at org.eclipse.jetty.server.Server.handle(Server.java:365)
	at org.eclipse.jetty.server.AbstractHttpConnection.handleRequest(AbstractHttpConnection.java:485)
	at org.eclipse.jetty.server.AbstractHttpConnection.content(AbstractHttpConnection.java:937)
	at org.eclipse.jetty.server.AbstractHttpConnection$RequestHandler.content(AbstractHttpConnection.java:998)
	at org.eclipse.jetty.http.HttpParser.parseNext(HttpParser.java:856)
	at org.eclipse.jetty.http.HttpParser.parseAvailable(HttpParser.java:240)
	at org.eclipse.jetty.server.AsyncHttpConnection.handle(AsyncHttpConnection.java:82)
	at org.eclipse.jetty.io.nio.SelectChannelEndPoint.handle(SelectChannelEndPoint.java:628)
	at org.eclipse.jetty.io.nio.SelectChannelEndPoint$1.run(SelectChannelEndPoint.java:52)
	at org.eclipse.jetty.util.thread.QueuedThreadPool.runJob(QueuedThreadPool.java:608)
	at org.eclipse.jetty.util.thread.QueuedThreadPool$3.run(QueuedThreadPool.java:543)
	at java.lang.Thread.run(Thread.java:744)
[ERROR]2014-07-11 16:12:26 (ActionHandler.java:123) 
/blog/delete
java.lang.NullPointerException
	at yes.model.Blog.delete(Blog.java:43)
	at yes.controller.BlogController.delete(BlogController.java:34)
	at sun.reflect.NativeMethodAccessorImpl.invoke0(Native Method)
	at sun.reflect.NativeMethodAccessorImpl.invoke(NativeMethodAccessorImpl.java:57)
	at sun.reflect.DelegatingMethodAccessorImpl.invoke(DelegatingMethodAccessorImpl.java:43)
	at java.lang.reflect.Method.invoke(Method.java:606)
	at com.jfinal.core.ActionInvocation.invoke(ActionInvocation.java:55)
	at yes.interceptor.GlobalInterceptor.intercept(GlobalInterceptor.java:31)
	at com.jfinal.core.ActionInvocation.invoke(ActionInvocation.java:51)
	at com.jfinal.core.ActionHandler.handle(ActionHandler.java:73)
	at com.jfinal.core.JFinalFilter.doFilter(JFinalFilter.java:72)
	at org.eclipse.jetty.servlet.ServletHandler$CachedChain.doFilter(ServletHandler.java:1307)
	at org.eclipse.jetty.servlet.ServletHandler.doHandle(ServletHandler.java:453)
	at org.eclipse.jetty.server.handler.ScopedHandler.handle(ScopedHandler.java:137)
	at org.eclipse.jetty.security.SecurityHandler.handle(SecurityHandler.java:560)
	at org.eclipse.jetty.server.session.SessionHandler.doHandle(SessionHandler.java:231)
	at org.eclipse.jetty.server.handler.ContextHandler.doHandle(ContextHandler.java:1072)
	at org.eclipse.jetty.servlet.ServletHandler.doScope(ServletHandler.java:382)
	at org.eclipse.jetty.server.session.SessionHandler.doScope(SessionHandler.java:193)
	at org.eclipse.jetty.server.handler.ContextHandler.doScope(ContextHandler.java:1006)
	at org.eclipse.jetty.server.handler.ScopedHandler.handle(ScopedHandler.java:135)
	at org.eclipse.jetty.server.handler.HandlerWrapper.handle(HandlerWrapper.java:116)
	at org.eclipse.jetty.server.Server.handle(Server.java:365)
	at org.eclipse.jetty.server.AbstractHttpConnection.handleRequest(AbstractHttpConnection.java:485)
	at org.eclipse.jetty.server.AbstractHttpConnection.content(AbstractHttpConnection.java:937)
	at org.eclipse.jetty.server.AbstractHttpConnection$RequestHandler.content(AbstractHttpConnection.java:998)
	at org.eclipse.jetty.http.HttpParser.parseNext(HttpParser.java:856)
	at org.eclipse.jetty.http.HttpParser.parseAvailable(HttpParser.java:240)
	at org.eclipse.jetty.server.AsyncHttpConnection.handle(AsyncHttpConnection.java:82)
	at org.eclipse.jetty.io.nio.SelectChannelEndPoint.handle(SelectChannelEndPoint.java:628)
	at org.eclipse.jetty.io.nio.SelectChannelEndPoint$1.run(SelectChannelEndPoint.java:52)
	at org.eclipse.jetty.util.thread.QueuedThreadPool.runJob(QueuedThreadPool.java:608)
	at org.eclipse.jetty.util.thread.QueuedThreadPool$3.run(QueuedThreadPool.java:543)
	at java.lang.Thread.run(Thread.java:744)
[ERROR]2014-07-11 16:15:11 (ActionHandler.java:123) 
/blog/save
com.jfinal.plugin.activerecord.ActiveRecordException: com.mysql.jdbc.exceptions.jdbc4.MySQLIntegrityConstraintViolationException: Column 'id' cannot be null
	at com.jfinal.plugin.activerecord.Model.save(Model.java:324)
	at yes.controller.BlogController.save(BlogController.java:26)
	at sun.reflect.NativeMethodAccessorImpl.invoke0(Native Method)
	at sun.reflect.NativeMethodAccessorImpl.invoke(NativeMethodAccessorImpl.java:57)
	at sun.reflect.DelegatingMethodAccessorImpl.invoke(DelegatingMethodAccessorImpl.java:43)
	at java.lang.reflect.Method.invoke(Method.java:606)
	at com.jfinal.core.ActionInvocation.invoke(ActionInvocation.java:55)
	at yes.interceptor.GlobalInterceptor.intercept(GlobalInterceptor.java:31)
	at com.jfinal.core.ActionInvocation.invoke(ActionInvocation.java:51)
	at com.jfinal.core.ActionHandler.handle(ActionHandler.java:73)
	at com.jfinal.core.JFinalFilter.doFilter(JFinalFilter.java:72)
	at org.eclipse.jetty.servlet.ServletHandler$CachedChain.doFilter(ServletHandler.java:1307)
	at org.eclipse.jetty.servlet.ServletHandler.doHandle(ServletHandler.java:453)
	at org.eclipse.jetty.server.handler.ScopedHandler.handle(ScopedHandler.java:137)
	at org.eclipse.jetty.security.SecurityHandler.handle(SecurityHandler.java:560)
	at org.eclipse.jetty.server.session.SessionHandler.doHandle(SessionHandler.java:231)
	at org.eclipse.jetty.server.handler.ContextHandler.doHandle(ContextHandler.java:1072)
	at org.eclipse.jetty.servlet.ServletHandler.doScope(ServletHandler.java:382)
	at org.eclipse.jetty.server.session.SessionHandler.doScope(SessionHandler.java:193)
	at org.eclipse.jetty.server.handler.ContextHandler.doScope(ContextHandler.java:1006)
	at org.eclipse.jetty.server.handler.ScopedHandler.handle(ScopedHandler.java:135)
	at org.eclipse.jetty.server.handler.HandlerWrapper.handle(HandlerWrapper.java:116)
	at org.eclipse.jetty.server.Server.handle(Server.java:365)
	at org.eclipse.jetty.server.AbstractHttpConnection.handleRequest(AbstractHttpConnection.java:485)
	at org.eclipse.jetty.server.AbstractHttpConnection.content(AbstractHttpConnection.java:937)
	at org.eclipse.jetty.server.AbstractHttpConnection$RequestHandler.content(AbstractHttpConnection.java:998)
	at org.eclipse.jetty.http.HttpParser.parseNext(HttpParser.java:856)
	at org.eclipse.jetty.http.HttpParser.parseAvailable(HttpParser.java:240)
	at org.eclipse.jetty.server.AsyncHttpConnection.handle(AsyncHttpConnection.java:82)
	at org.eclipse.jetty.io.nio.SelectChannelEndPoint.handle(SelectChannelEndPoint.java:628)
	at org.eclipse.jetty.io.nio.SelectChannelEndPoint$1.run(SelectChannelEndPoint.java:52)
	at org.eclipse.jetty.util.thread.QueuedThreadPool.runJob(QueuedThreadPool.java:608)
	at org.eclipse.jetty.util.thread.QueuedThreadPool$3.run(QueuedThreadPool.java:543)
	at java.lang.Thread.run(Thread.java:744)
Caused by: com.mysql.jdbc.exceptions.jdbc4.MySQLIntegrityConstraintViolationException: Column 'id' cannot be null
	at sun.reflect.NativeConstructorAccessorImpl.newInstance0(Native Method)
	at sun.reflect.NativeConstructorAccessorImpl.newInstance(NativeConstructorAccessorImpl.java:57)
	at sun.reflect.DelegatingConstructorAccessorImpl.newInstance(DelegatingConstructorAccessorImpl.java:45)
	at java.lang.reflect.Constructor.newInstance(Constructor.java:526)
	at com.mysql.jdbc.Util.handleNewInstance(Util.java:411)
	at com.mysql.jdbc.Util.getInstance(Util.java:386)
	at com.mysql.jdbc.SQLError.createSQLException(SQLError.java:1039)
	at com.mysql.jdbc.MysqlIO.checkErrorPacket(MysqlIO.java:4096)
	at com.mysql.jdbc.MysqlIO.checkErrorPacket(MysqlIO.java:4028)
	at com.mysql.jdbc.MysqlIO.sendCommand(MysqlIO.java:2490)
	at com.mysql.jdbc.MysqlIO.sqlQueryDirect(MysqlIO.java:2651)
	at com.mysql.jdbc.ConnectionImpl.execSQL(ConnectionImpl.java:2683)
	at com.mysql.jdbc.PreparedStatement.executeInternal(PreparedStatement.java:2144)
	at com.mysql.jdbc.PreparedStatement.executeUpdate(PreparedStatement.java:2444)
	at com.mysql.jdbc.PreparedStatement.executeUpdate(PreparedStatement.java:2362)
	at com.mysql.jdbc.PreparedStatement.executeUpdate(PreparedStatement.java:2347)
	at com.mchange.v2.c3p0.impl.NewProxyPreparedStatement.executeUpdate(NewProxyPreparedStatement.java:105)
	at com.jfinal.plugin.activerecord.Model.save(Model.java:319)
	... 33 more
[ERROR]2014-07-11 16:19:06 (ActionHandler.java:123) 
/blog/save
com.jfinal.plugin.activerecord.ActiveRecordException: com.mysql.jdbc.MysqlDataTruncation: Data truncation: Out of range value for column 'id' at row 1
	at com.jfinal.plugin.activerecord.Model.save(Model.java:324)
	at yes.controller.BlogController.save(BlogController.java:27)
	at sun.reflect.NativeMethodAccessorImpl.invoke0(Native Method)
	at sun.reflect.NativeMethodAccessorImpl.invoke(NativeMethodAccessorImpl.java:57)
	at sun.reflect.DelegatingMethodAccessorImpl.invoke(DelegatingMethodAccessorImpl.java:43)
	at java.lang.reflect.Method.invoke(Method.java:606)
	at com.jfinal.core.ActionInvocation.invoke(ActionInvocation.java:55)
	at yes.interceptor.GlobalInterceptor.intercept(GlobalInterceptor.java:31)
	at com.jfinal.core.ActionInvocation.invoke(ActionInvocation.java:51)
	at com.jfinal.core.ActionHandler.handle(ActionHandler.java:73)
	at com.jfinal.core.JFinalFilter.doFilter(JFinalFilter.java:72)
	at org.eclipse.jetty.servlet.ServletHandler$CachedChain.doFilter(ServletHandler.java:1307)
	at org.eclipse.jetty.servlet.ServletHandler.doHandle(ServletHandler.java:453)
	at org.eclipse.jetty.server.handler.ScopedHandler.handle(ScopedHandler.java:137)
	at org.eclipse.jetty.security.SecurityHandler.handle(SecurityHandler.java:560)
	at org.eclipse.jetty.server.session.SessionHandler.doHandle(SessionHandler.java:231)
	at org.eclipse.jetty.server.handler.ContextHandler.doHandle(ContextHandler.java:1072)
	at org.eclipse.jetty.servlet.ServletHandler.doScope(ServletHandler.java:382)
	at org.eclipse.jetty.server.session.SessionHandler.doScope(SessionHandler.java:193)
	at org.eclipse.jetty.server.handler.ContextHandler.doScope(ContextHandler.java:1006)
	at org.eclipse.jetty.server.handler.ScopedHandler.handle(ScopedHandler.java:135)
	at org.eclipse.jetty.server.handler.HandlerWrapper.handle(HandlerWrapper.java:116)
	at org.eclipse.jetty.server.Server.handle(Server.java:365)
	at org.eclipse.jetty.server.AbstractHttpConnection.handleRequest(AbstractHttpConnection.java:485)
	at org.eclipse.jetty.server.AbstractHttpConnection.content(AbstractHttpConnection.java:937)
	at org.eclipse.jetty.server.AbstractHttpConnection$RequestHandler.content(AbstractHttpConnection.java:998)
	at org.eclipse.jetty.http.HttpParser.parseNext(HttpParser.java:856)
	at org.eclipse.jetty.http.HttpParser.parseAvailable(HttpParser.java:240)
	at org.eclipse.jetty.server.AsyncHttpConnection.handle(AsyncHttpConnection.java:82)
	at org.eclipse.jetty.io.nio.SelectChannelEndPoint.handle(SelectChannelEndPoint.java:628)
	at org.eclipse.jetty.io.nio.SelectChannelEndPoint$1.run(SelectChannelEndPoint.java:52)
	at org.eclipse.jetty.util.thread.QueuedThreadPool.runJob(QueuedThreadPool.java:608)
	at org.eclipse.jetty.util.thread.QueuedThreadPool$3.run(QueuedThreadPool.java:543)
	at java.lang.Thread.run(Thread.java:744)
Caused by: com.mysql.jdbc.MysqlDataTruncation: Data truncation: Out of range value for column 'id' at row 1
	at com.mysql.jdbc.MysqlIO.checkErrorPacket(MysqlIO.java:4094)
	at com.mysql.jdbc.MysqlIO.checkErrorPacket(MysqlIO.java:4028)
	at com.mysql.jdbc.MysqlIO.sendCommand(MysqlIO.java:2490)
	at com.mysql.jdbc.MysqlIO.sqlQueryDirect(MysqlIO.java:2651)
	at com.mysql.jdbc.ConnectionImpl.execSQL(ConnectionImpl.java:2683)
	at com.mysql.jdbc.PreparedStatement.executeInternal(PreparedStatement.java:2144)
	at com.mysql.jdbc.PreparedStatement.executeUpdate(PreparedStatement.java:2444)
	at com.mysql.jdbc.PreparedStatement.executeUpdate(PreparedStatement.java:2362)
	at com.mysql.jdbc.PreparedStatement.executeUpdate(PreparedStatement.java:2347)
	at com.mchange.v2.c3p0.impl.NewProxyPreparedStatement.executeUpdate(NewProxyPreparedStatement.java:105)
	at com.jfinal.plugin.activerecord.Model.save(Model.java:319)
	... 33 more
[ERROR]2014-07-11 17:05:25 (Config.java:94) 
Plugin start error: com.jfinal.plugin.activerecord.ActiveRecordPlugin. 
com.mysql.jdbc.exceptions.jdbc4.MySQLSyntaxErrorException: Table 'jfinal_blog.tblog' doesn't exist
com.jfinal.plugin.activerecord.ActiveRecordException: com.mysql.jdbc.exceptions.jdbc4.MySQLSyntaxErrorException: Table 'jfinal_blog.tblog' doesn't exist
	at com.jfinal.plugin.activerecord.TableBuilder.build(TableBuilder.java:48)
	at com.jfinal.plugin.activerecord.ActiveRecordPlugin.start(ActiveRecordPlugin.java:171)
	at com.jfinal.core.Config.startPlugins(Config.java:85)
	at com.jfinal.core.Config.configJFinal(Config.java:48)
	at com.jfinal.core.JFinal.init(JFinal.java:67)
	at com.jfinal.core.JFinalFilter.init(JFinalFilter.java:49)
	at org.eclipse.jetty.servlet.FilterHolder.doStart(FilterHolder.java:119)
	at org.eclipse.jetty.util.component.AbstractLifeCycle.start(AbstractLifeCycle.java:64)
	at org.eclipse.jetty.servlet.ServletHandler.initialize(ServletHandler.java:724)
	at org.eclipse.jetty.servlet.ServletContextHandler.startContext(ServletContextHandler.java:265)
	at org.eclipse.jetty.webapp.WebAppContext.startContext(WebAppContext.java:1250)
	at org.eclipse.jetty.server.handler.ContextHandler.doStart(ContextHandler.java:706)
	at org.eclipse.jetty.webapp.WebAppContext.doStart(WebAppContext.java:492)
	at org.eclipse.jetty.util.component.AbstractLifeCycle.start(AbstractLifeCycle.java:64)
	at com.jfinal.server.JettyServer$1.onChange(JettyServer.java:106)
	at com.jfinal.server.Scanner.compare(Scanner.java:87)
	at com.jfinal.server.Scanner.working(Scanner.java:56)
	at com.jfinal.server.Scanner.access$000(Scanner.java:30)
	at com.jfinal.server.Scanner$1.run(Scanner.java:93)
	at java.util.TimerThread.mainLoop(Timer.java:555)
	at java.util.TimerThread.run(Timer.java:505)
Caused by: com.mysql.jdbc.exceptions.jdbc4.MySQLSyntaxErrorException: Table 'jfinal_blog.tblog' doesn't exist
	at sun.reflect.NativeConstructorAccessorImpl.newInstance0(Native Method)
	at sun.reflect.NativeConstructorAccessorImpl.newInstance(NativeConstructorAccessorImpl.java:57)
	at sun.reflect.DelegatingConstructorAccessorImpl.newInstance(DelegatingConstructorAccessorImpl.java:45)
	at java.lang.reflect.Constructor.newInstance(Constructor.java:526)
	at com.mysql.jdbc.Util.handleNewInstance(Util.java:411)
	at com.mysql.jdbc.Util.getInstance(Util.java:386)
	at com.mysql.jdbc.SQLError.createSQLException(SQLError.java:1052)
	at com.mysql.jdbc.MysqlIO.checkErrorPacket(MysqlIO.java:4096)
	at com.mysql.jdbc.MysqlIO.checkErrorPacket(MysqlIO.java:4028)
	at com.mysql.jdbc.MysqlIO.sendCommand(MysqlIO.java:2490)
	at com.mysql.jdbc.MysqlIO.sqlQueryDirect(MysqlIO.java:2651)
	at com.mysql.jdbc.ConnectionImpl.execSQL(ConnectionImpl.java:2677)
	at com.mysql.jdbc.ConnectionImpl.execSQL(ConnectionImpl.java:2627)
	at com.mysql.jdbc.StatementImpl.executeQuery(StatementImpl.java:1556)
	at com.mchange.v2.c3p0.impl.NewProxyStatement.executeQuery(NewProxyStatement.java:35)
	at com.jfinal.plugin.activerecord.TableBuilder.doBuild(TableBuilder.java:63)
	at com.jfinal.plugin.activerecord.TableBuilder.build(TableBuilder.java:40)
	... 20 more
